Casal2
Call: casal2 -e -c config_betadiff.csl2 
Date: Tue May 17 20:44:54 2022
Seed: 77094
Version: v22.05 (2022-05-16)
Copyright (c) 2017-2022, NIWA (www.niwa.co.nz)
Environment: User=marshc Machine=NIWA-1008960 OS=Windows_NT PID=9284


*objective_function[obj]
values {vector}
observation->chatTANbiomass->1992 -1.05006
observation->chatTANbiomass->1993 -1.32925
observation->chatTANbiomass->1994 -1.29254
observation->chatTANbiomass->1995 -0.920862
observation->chatTANbiomass->1996 -1.44402
observation->chatTANbiomass->1997 -1.1321
observation->chatTANbiomass->1998 -0.945034
observation->chatTANbiomass->1999 -1.41123
observation->chatTANbiomass->2000 -1.50776
observation->chatTANbiomass->2001 -1.23293
observation->chatTANbiomass->2002 -1.30165
observation->chatTANbiomass->2003 1.70024
observation->chatTANbiomass->2004 -1.35371
observation->chatTANbiomass->2005 -0.738653
observation->chatTANbiomass->2006 -1.30194
observation->chatTANbiomass->2007 -0.98315
observation->chatTANbiomass->2008 -1.22626
observation->chatTANbiomass->2009 0.413611
observation->chatTANbiomass->2010 -1.03522
observation->chatTANbiomass->2011 -0.660339
observation->chatTANbiomass->2012 -1.16399
observation->chatTANage->1990 -39.0122
observation->chatTANage->1992 -42.2962
observation->chatTANage->1993 -40.2007
observation->chatTANage->1994 -36.4267
observation->chatTANage->1995 -42.0969
observation->chatTANage->1996 -38.6257
observation->chatTANage->1997 -40.1444
observation->chatTANage->1998 -44.91
observation->chatTANage->1999 -37.4884
observation->chatTANage->2000 -40.5921
observation->chatTANage->2001 -42.5442
observation->chatTANage->2002 -43.4758
observation->chatTANage->2003 -39.8661
observation->chatTANage->2004 -36.5695
observation->chatTANage->2005 -39.7599
observation->chatTANage->2006 -48.8642
observation->chatTANage->2007 -48.0771
observation->chatTANage->2008 -42.5034
observation->chatTANage->2009 -46.9135
observation->chatTANage->2010 -44.9278
observation->chatTANage->2011 -39.0109
observation->chatTANage->2012 -41.5332
observation->chatOBSwst->1992 17.2069
observation->chatOBSwst->1994 9.65211
observation->chatOBSwst->1995 9.88211
observation->chatOBSwst->1996 8.16369
observation->chatOBSwst->1997 7.0629
observation->chatOBSwst->1998 22.3039
observation->chatOBSwst->1999 16.6799
observation->chatOBSwst->2000 17.5325
observation->chatOBSwst->2001 16.5035
observation->chatOBSwst->2002 14.0533
observation->chatOBSwst->2003 11.8722
observation->chatOBSwst->2004 14.1385
observation->chatOBSwst->2005 18.7404
observation->chatOBSwst->2006 7.84258
observation->chatOBSwst->2008 10.7171
observation->chatOBSwst->2009 8.84071
observation->chatOBSwst->2010 9.39595
observation->chatOBSwst->2011 9.28661
observation->chatOBSest->1992 14.7998
observation->chatOBSest->1995 15.8407
observation->chatOBSest->1997 15.5778
observation->chatOBSest->1998 17.3609
observation->chatOBSest->2001 21.5214
observation->chatOBSest->2004 20.5719
observation->chatOBSest->2007 22.0992
prior->B0->process[Recruitment].b0 11.0616
prior->chat_age_error->observation[chatTANage].error_value_multiplier 1.36699
prior->chatTANq->catchability[chatTANq].q -2.11055
prior->TANSel->selectivity[chatTANSel].mu 5.91607
prior->TANSel->selectivity[chatTANSel].sigma_l 1.73232e-05
prior->TANSel->selectivity[chatTANSel].sigma_r 1.73645e-05
prior->eastFSel_mu->selectivity[eastFSel].mu 0
prior->eastFSel_sl->selectivity[eastFSel].sigma_l 0
prior->eastFSel_sr->selectivity[eastFSel].sigma_r 0
prior->westFSel_mu->selectivity[westFSel].mu 0
prior->westFSel_sl->selectivity[westFSel].sigma_l 0
prior->westFSel_sr->selectivity[westFSel].sigma_r 0
prior->YCS->process[Recruitment].ycs_values{1975} 0.157784
prior->YCS->process[Recruitment].ycs_values{1976} 0.202149
prior->YCS->process[Recruitment].ycs_values{1977} 0.231292
prior->YCS->process[Recruitment].ycs_values{1978} 0.2491
prior->YCS->process[Recruitment].ycs_values{1979} 0.251329
prior->YCS->process[Recruitment].ycs_values{1980} 0.217366
prior->YCS->process[Recruitment].ycs_values{1981} 0.134094
prior->YCS->process[Recruitment].ycs_values{1982} 0.0495968
prior->YCS->process[Recruitment].ycs_values{1983} 0.00447721
prior->YCS->process[Recruitment].ycs_values{1984} -0.721308
prior->YCS->process[Recruitment].ycs_values{1985} -0.666294
prior->YCS->process[Recruitment].ycs_values{1986} -0.662734
prior->YCS->process[Recruitment].ycs_values{1987} -0.77358
prior->YCS->process[Recruitment].ycs_values{1988} -0.625335
prior->YCS->process[Recruitment].ycs_values{1989} -0.776171
prior->YCS->process[Recruitment].ycs_values{1990} -0.441152
prior->YCS->process[Recruitment].ycs_values{1991} 0.115825
prior->YCS->process[Recruitment].ycs_values{1992} -0.30151
prior->YCS->process[Recruitment].ycs_values{1993} -0.520533
prior->YCS->process[Recruitment].ycs_values{1994} -0.536986
prior->YCS->process[Recruitment].ycs_values{1995} -0.741714
prior->YCS->process[Recruitment].ycs_values{1996} -0.791498
prior->YCS->process[Recruitment].ycs_values{1997} -0.79108
prior->YCS->process[Recruitment].ycs_values{1998} -0.566413
prior->YCS->process[Recruitment].ycs_values{1999} -0.792991
prior->YCS->process[Recruitment].ycs_values{2000} -0.716116
prior->YCS->process[Recruitment].ycs_values{2001} -0.791056
prior->YCS->process[Recruitment].ycs_values{2002} 0.26827
prior->YCS->process[Recruitment].ycs_values{2003} -0.631039
prior->YCS->process[Recruitment].ycs_values{2004} -0.67775
prior->YCS->process[Recruitment].ycs_values{2005} -0.513614
prior->YCS->process[Recruitment].ycs_values{2006} -0.792344
prior->YCS->process[Recruitment].ycs_values{2007} -0.771922
prior->YCS->process[Recruitment].ycs_values{2008} -0.722671
prior->YCS->process[Recruitment].ycs_values{2009} -0.665956
prior->YCS->process[Recruitment].ycs_values{2010} 2.50805
prior->YCS->process[Recruitment].ycs_values{2011} 2.50805
additional_prior->YCS_average_1 7.22942
additional_prior->smooth_YCS 1.02107
total_score -562.719
*end

*estimate_value[estimate_value]
values {dataframe}
process[Recruitment].b0 observation[chatTANage].error_value_multiplier catchability[chatTANq].q selectivity[chatTANSel].mu selectivity[chatTANSel].sigma_l selectivity[chatTANSel].sigma_r selectivity[eastFSel].mu selectivity[eastFSel].sigma_l selectivity[eastFSel].sigma_r selectivity[westFSel].mu selectivity[westFSel].sigma_l selectivity[westFSel].sigma_r process[Recruitment].ycs_values{1975} process[Recruitment].ycs_values{1976} process[Recruitment].ycs_values{1977} process[Recruitment].ycs_values{1978} process[Recruitment].ycs_values{1979} process[Recruitment].ycs_values{1980} process[Recruitment].ycs_values{1981} process[Recruitment].ycs_values{1982} process[Recruitment].ycs_values{1983} process[Recruitment].ycs_values{1984} process[Recruitment].ycs_values{1985} process[Recruitment].ycs_values{1986} process[Recruitment].ycs_values{1987} process[Recruitment].ycs_values{1988} process[Recruitment].ycs_values{1989} process[Recruitment].ycs_values{1990} process[Recruitment].ycs_values{1991} process[Recruitment].ycs_values{1992} process[Recruitment].ycs_values{1993} process[Recruitment].ycs_values{1994} process[Recruitment].ycs_values{1995} process[Recruitment].ycs_values{1996} process[Recruitment].ycs_values{1997} process[Recruitment].ycs_values{1998} process[Recruitment].ycs_values{1999} process[Recruitment].ycs_values{2000} process[Recruitment].ycs_values{2001} process[Recruitment].ycs_values{2002} process[Recruitment].ycs_values{2003} process[Recruitment].ycs_values{2004} process[Recruitment].ycs_values{2005} process[Recruitment].ycs_values{2006} process[Recruitment].ycs_values{2007} process[Recruitment].ycs_values{2008} process[Recruitment].ycs_values{2009} process[Recruitment].ycs_values{2010} process[Recruitment].ycs_values{2011} 
63675.8 3.92352 0.0493868 11.4398 7.05694 7.05343 10.248 3.20004 7.09537 6.22817 2.84934 7.74639 1.03923 1.06909 1.08879 1.10087 1.10238 1.07937 1.02336 0.967065 0.937192 0.426429 0.476531 0.479521 0.362756 0.509752 0.358383 0.642437 1.01114 0.735941 0.587351 0.57563 0.404821 0.31956 0.288066 0.167136 0.304848 0.214667 0.287968 1.11391 0.505261 0.466746 0.156431 0.314297 0.253525 0.217959 0.1943 3 3 
*end

*catchability[__chatTANq__]
q: 0.0493868
*end

*derived_quantity[biomass_t1]
biomass_t1 {list}
type: biomass
initialisation_phase[1]: 63675.8 
values {vector}
1975 63600.5
1976 63324.2
1977 62615.4
1978 62255.2
1979 62657.1
1980 63696.1
1981 65885.8
1982 69221.4
1983 73465.8
1984 78080.1
1985 82423
1986 86234.1
1987 89222.3
1988 90951.2
1989 90925.6
1990 88954.2
1991 85495.6
1992 80869.6
1993 75227.2
1994 69308.6
1995 64100.2
1996 60334.1
1997 58051.9
1998 56828.6
1999 54821.6
2000 51775.8
2001 48686.2
2002 45624.9
2003 42826.5
2004 39414.8
2005 35260.9
2006 32828.3
2007 32926.2
2008 33908.6
2009 34884.7
2010 35453.7
2011 35560.6
2012 34749.7
{end_list}
*end

*observation[chatTANbiomass]
observation_type: biomass
likelihood: lognormal
Values {dataframe}
year category age length observed expected residual error_value process_error adjusted_error neglogLike pearsons_residuals normalised_residuals
1992 stock 0 0 4180 3505 675.003 0.15 0.2 0.25 -1.05006 0.770332 0.83841
1993 stock 0 0 2950 3231.35 -281.354 0.17 0.2 0.262488 -1.32925 -0.33171 -0.223846
1994 stock 0 0 3353 2969.94 383.059 0.1 0.2 0.223607 -1.29254 0.57681 0.659657
1995 stock 0 0 3303 2752.21 550.787 0.23 0.2 0.304795 -0.920862 0.656589 0.761087
1996 stock 0 0 2457 2573.24 -116.241 0.13 0.2 0.238537 -1.44402 -0.189375 -0.0788756
1997 stock 0 0 2811 2446.79 364.207 0.17 0.2 0.262488 -1.1321 0.567076 0.666635
1998 stock 0 0 2873 2358.94 514.055 0.18 0.2 0.269072 -0.945034 0.809884 0.877858
1999 stock 0 0 2302 2185.92 116.083 0.12 0.2 0.233238 -1.41123 0.227686 0.339895
2000 stock 0 0 2091 2047.1 43.8954 0.09 0.2 0.219317 -1.50776 0.0977703 0.206257
2001 stock 0 0 1589 1905.51 -316.508 0.13 0.2 0.238537 -1.23293 -0.696335 -0.654526
2002 stock 0 0 1567 1803.13 -236.126 0.15 0.2 0.25 -1.30165 -0.523815 -0.446943
2003 stock 0 0 888 1713.31 -825.311 0.16 0.2 0.256125 1.70024 -1.88074 -2.48125
2004 stock 0 0 1547 1585.33 -38.3338 0.17 0.2 0.262488 -1.35371 -0.0921195 0.0342373
2005 stock 0 0 1048 1446.93 -398.926 0.18 0.2 0.269072 -0.738653 -1.02465 -1.08784
2006 stock 0 0 1384 1472.46 -88.4619 0.19 0.2 0.275862 -1.30194 -0.217781 -0.0933692
2007 stock 0 0 1824 1492.78 331.216 0.12 0.2 0.233238 -0.98315 0.951296 0.985745
2008 stock 0 0 1257 1510.97 -253.968 0.13 0.2 0.238537 -1.22626 -0.704641 -0.664639
2009 stock 0 0 2419 1497.98 921.022 0.21 0.2 0.29 0.413611 2.12015 1.82856
2010 stock 0 0 1700 1523.75 176.254 0.25 0.2 0.320156 -1.03522 0.361297 0.506587
2011 stock 0 0 1099 1528.82 -429.816 0.15 0.2 0.25 -0.660339 -1.12457 -1.21753
2012 stock 0 0 1292 1578.08 -286.084 0.15 0.2 0.25 -1.16399 -0.725142 -0.68925
*end

*observation[chatTANage]
observation_type: proportions_at_age
likelihood: dirichlet
Values {dataframe}
year category age length observed expected residual error_value process_error adjusted_error neglogLike
1990 stock 3 0 0.1235 0.0521223 0.0713777 25 0 98.0881 11.9505
1990 stock 4 0 0.1068 0.0678338 0.0389662 25 0 98.0881 18.5862
1990 stock 5 0 0.0935 0.0660092 0.0274908 25 0 98.0881 18.5913
1990 stock 6 0 0.0939 0.0709817 0.0229183 25 0 98.0881 20.6134
1990 stock 7 0 0.1065 0.109798 -0.00329806 25 0 98.0881 36.4465
1990 stock 8 0 0.0845 0.113336 -0.0288363 25 0 98.0881 40.3791
1990 stock 9 0 0.0544 0.105761 -0.0513608 25 0 98.0881 40.942
1990 stock 10 0 0.1283 0.0953561 0.0329439 25 0 98.0881 28.5207
1990 stock 11 0 0.0489 0.0819864 -0.0330864 25 0 98.0881 29.862
1990 stock 12 0 0.043 0.0673575 -0.0243575 25 0 98.0881 23.4979
1990 stock 13 0 0.0162 0.053145 -0.036945 25 0 98.0881 20.8723
1990 stock 14 0 0.0401 0.0398876 0.000212379 25 0 98.0881 11.0507
1990 stock 15 0 0.0162 0.027697 -0.011497 25 0 98.0881 7.52595
1990 stock 16 0 0.0274 0.0175476 0.00985242 25 0 98.0881 2.50314
1990 stock 17 0 0.0035 0.0107412 -0.00724124 25 0 98.0881 0.274408
1990 stock 18 0 0.0025 0.00689536 -0.00439536 25 0 98.0881 -1.6486
1990 stock 19 0 0.0107 0.0135439 -0.00284394 25 0 98.0881 1.37803
1992 stock 3 0 0.024 0.0605641 -0.0365641 37 0 145.17 39.2244
1992 stock 4 0 0.0471 0.0815699 -0.0344699 37 0 145.17 50.2424
1992 stock 5 0 0.0446 0.0633902 -0.0187902 37 0 145.17 36.5498
1992 stock 6 0 0.0708 0.0731366 -0.00233658 37 0 145.17 39.6769
1992 stock 7 0 0.0778 0.0698964 0.00790356 37 0 145.17 36.4914
1992 stock 8 0 0.1039 0.0741626 0.0297374 37 0 145.17 36.6711
1992 stock 9 0 0.0671 0.0977313 -0.0306313 37 0 145.17 58.6695
1992 stock 10 0 0.1212 0.0991272 0.0220728 37 0 145.17 51.8316
1992 stock 11 0 0.087 0.0877376 -0.000737625 37 0 145.17 47.9852
1992 stock 12 0 0.1111 0.0749903 0.0361097 37 0 145.17 36.5614
1992 stock 13 0 0.0791 0.0614429 0.0176571 37 0 145.17 30.5257
1992 stock 14 0 0.0438 0.0482191 -0.00441914 37 0 145.17 25.3479
1992 stock 15 0 0.0412 0.0363392 0.00486081 37 0 145.17 17.2366
1992 stock 16 0 0.0244 0.026106 -0.00170602 37 0 145.17 11.8932
1992 stock 17 0 0.029 0.0175422 0.0114578 37 0 145.17 5.79369
1992 stock 18 0 0.0121 0.0109041 0.00119595 37 0 145.17 2.45883
1992 stock 19 0 0.0158 0.0171401 -0.00134006 37 0 145.17 6.44924
1993 stock 3 0 0.0999 0.108999 -0.00909922 31 0 121.629 48.8765
1993 stock 4 0 0.0576 0.0663624 -0.00876236 31 0 121.629 28.8538
1993 stock 5 0 0.0828 0.0822042 0.000595801 31 0 121.629 35.2164
1993 stock 6 0 0.0412 0.0657107 -0.0245107 31 0 121.629 30.8106
1993 stock 7 0 0.0582 0.0704507 -0.0122507 31 0 121.629 31.2177
1993 stock 8 0 0.0646 0.066319 -0.00171897 31 0 121.629 28.0176
1993 stock 9 0 0.0401 0.0685518 -0.0284518 31 0 121.629 32.8152
1993 stock 10 0 0.0571 0.0844446 -0.0273446 31 0 121.629 39.9579
1993 stock 11 0 0.0587 0.0845503 -0.0258503 31 0 121.629 39.7675
1993 stock 12 0 0.0842 0.0733846 0.0108154 31 0 121.629 30.0586
1993 stock 13 0 0.1388 0.0612629 0.0775371 31 0 121.629 20.1795
1993 stock 14 0 0.041 0.049142 -0.00814197 31 0 121.629 20.6462
1993 stock 15 0 0.0636 0.0378066 0.0257934 31 0 121.629 12.5057
1993 stock 16 0 0.0432 0.0279376 0.0152624 31 0 121.629 8.62462
1993 stock 17 0 0.032 0.0197071 0.0122929 31 0 121.629 5.02326
1993 stock 18 0 0.0111 0.0130613 -0.00196128 31 0 121.629 2.53536
1993 stock 19 0 0.026 0.020105 0.00589498 31 0 121.629 5.52207
1994 stock 3 0 0.2247 0.170375 0.0543249 34 0 133.4 80.0656
1994 stock 4 0 0.0891 0.107143 -0.018043 34 0 133.4 55.4597
1994 stock 5 0 0.0852 0.0670716 0.0181284 34 0 133.4 30.0644
1994 stock 6 0 0.0787 0.0752199 0.00348012 34 0 133.4 35.8454
1994 stock 7 0 0.045 0.0609988 -0.0159988 34 0 133.4 30.9362
1994 stock 8 0 0.0532 0.0605665 -0.00736653 34 0 133.4 29.4553
1994 stock 9 0 0.0265 0.0559203 -0.0294203 34 0 133.4 30.909
1994 stock 10 0 0.0352 0.0561088 -0.0209088 34 0 133.4 29.2081
1994 stock 11 0 0.0376 0.0651965 -0.0275965 34 0 133.4 35.2145
1994 stock 12 0 0.0507 0.0643358 -0.0136358 34 0 133.4 32.3304
1994 stock 13 0 0.0209 0.055007 -0.034107 34 0 133.4 31.7359
1994 stock 14 0 0.0497 0.044968 0.00473197 34 0 133.4 19.7903
1994 stock 15 0 0.0251 0.0353944 -0.0102944 34 0 133.4 16.4812
1994 stock 16 0 0.0312 0.0267559 0.00444405 34 0 133.4 10.1866
1994 stock 17 0 0.0476 0.0194355 0.0281645 34 0 133.4 5.20155
1994 stock 18 0 0.0335 0.013493 0.020007 34 0 133.4 2.64575
1994 stock 19 0 0.0663 0.0220098 0.0442902 34 0 133.4 5.88875
1995 stock 3 0 0.173 0.132036 0.0409643 22 0 86.3175 34.2866
1995 stock 4 0 0.1344 0.170313 -0.0359133 22 0 86.3175 51.8918
1995 stock 5 0 0.0868 0.106999 -0.0201993 22 0 86.3175 31.2427
1995 stock 6 0 0.0491 0.0676289 -0.0185289 22 0 86.3175 19.0927
1995 stock 7 0 0.0759 0.0681921 0.00770788 22 0 86.3175 17.1927
1995 stock 8 0 0.0608 0.0553892 0.00541077 22 0 86.3175 13.4413
1995 stock 9 0 0.0229 0.0512948 -0.0283948 22 0 86.3175 15.2988
1995 stock 10 0 0.0623 0.0465503 0.0157497 22 0 86.3175 10.1922
1995 stock 11 0 0.0375 0.0454874 -0.00798744 22 0 86.3175 11.3085
1995 stock 12 0 0.0543 0.0502773 0.00402269 22 0 86.3175 11.9641
1995 stock 13 0 0.0517 0.0488537 0.00284627 22 0 86.3175 11.6003
1995 stock 14 0 0.093 0.0413071 0.0516929 22 0 86.3175 7.36749
1995 stock 15 0 0.0294 0.0331547 -0.00375473 22 0 86.3175 7.13574
1995 stock 16 0 0.0168 0.0256501 -0.00885006 22 0 86.3175 5.06572
1995 stock 17 0 0.0222 0.019082 0.00311802 22 0 86.3175 2.35826
1995 stock 18 0 0.0201 0.0136444 0.00645557 22 0 86.3175 0.615863
1995 stock 19 0 0.01 0.0241396 -0.0141396 22 0 86.3175 5.02806
1996 stock 3 0 0.1225 0.108484 0.0140161 20 0 78.4705 25.3501
1996 stock 4 0 0.1991 0.138437 0.0606629 20 0 78.4705 30.7024
1996 stock 5 0 0.2293 0.165757 0.063543 20 0 78.4705 37.688
1996 stock 6 0 0.1278 0.105733 0.0220674 20 0 78.4705 24.1412
1996 stock 7 0 0.0678 0.0659086 0.00189141 20 0 78.4705 14.6675
1996 stock 8 0 0.058 0.0601755 -0.00217552 20 0 78.4705 13.3658
1996 stock 9 0 0.0198 0.048698 -0.028898 20 0 78.4705 12.6375
1996 stock 10 0 0.0431 0.0427054 0.000394577 20 0 78.4705 8.43291
1996 stock 11 0 0.0038 0.038205 -0.034405 20 0 78.4705 11.8254
1996 stock 12 0 0.0206 0.0364935 -0.0158935 20 0 78.4705 7.80668
1996 stock 13 0 0.0328 0.0386275 -0.00582749 20 0 78.4705 7.66305
1996 stock 14 0 0.0242 0.0369413 -0.0127413 20 0 78.4705 7.668
1996 stock 15 0 0.0136 0.030973 -0.017373 20 0 78.4705 6.38468
1996 stock 16 0 0.0151 0.0244671 -0.0093671 20 0 78.4705 3.82564
1996 stock 17 0 0.0145 0.0186273 -0.00412728 20 0 78.4705 1.83314
1996 stock 18 0 0.0079 0.013648 -0.00574801 20 0 78.4705 0.306583
1996 stock 19 0 0.0001 0.0261194 -0.0260194 20 0 78.4705 9.68891
1997 stock 3 0 0.2073 0.107945 0.0993549 21 0 82.394 22.8004
1997 stock 4 0 0.1483 0.112496 0.0358045 21 0 82.394 26.966
1997 stock 5 0 0.1522 0.138096 0.0141042 21 0 82.394 35.5384
1997 stock 6 0 0.1318 0.155138 -0.0233383 21 0 82.394 43.3165
1997 stock 7 0 0.0544 0.100551 -0.0461505 21 0 82.394 30.3133
1997 stock 8 0 0.076 0.0612108 0.0147892 21 0 82.394 13.6636
1997 stock 9 0 0.0225 0.0514086 -0.0289086 21 0 82.394 14.3729
1997 stock 10 0 0.0259 0.0413885 -0.0154885 21 0 82.394 9.90879
1997 stock 11 0 0.0091 0.0348658 -0.0257658 21 0 82.394 9.37982
1997 stock 12 0 0.0179 0.0307015 -0.0128015 21 0 82.394 6.45931
1997 stock 13 0 0.0392 0.028678 0.010522 21 0 82.394 4.60752
1997 stock 14 0 0.035 0.0291662 0.0058338 21 0 82.394 4.92273
1997 stock 15 0 0.0154 0.0273955 -0.0119955 21 0 82.394 5.3759
1997 stock 16 0 0.0019 0.0227695 -0.0208695 21 0 82.394 5.44206
1997 stock 17 0 0.0318 0.0177094 0.0140906 21 0 82.394 1.46179
1997 stock 18 0 0.0062 0.0132567 -0.00705667 21 0 82.394 0.422476
1997 stock 19 0 0.025 0.0272244 -0.00222444 21 0 82.394 4.70671
1998 stock 3 0 0.0596 0.0817761 -0.0221761 19 0 74.547 19.3241
1998 stock 4 0 0.1291 0.11253 0.0165695 19 0 74.547 24.4449
1998 stock 5 0 0.1527 0.115338 0.0373625 19 0 74.547 24.0327
1998 stock 6 0 0.1293 0.136379 -0.00707949 19 0 74.547 31.9301
1998 stock 7 0 0.1389 0.14469 -0.00579036 19 0 74.547 33.9219
1998 stock 8 0 0.088 0.0950506 -0.00705057 19 0 74.547 21.5312
1998 stock 9 0 0.0489 0.0565909 -0.00769087 19 0 74.547 11.787
1998 stock 10 0 0.0393 0.0444641 -0.00516412 19 0 74.547 8.4938
1998 stock 11 0 0.0451 0.0354693 0.00963074 19 0 74.547 5.48594
1998 stock 12 0 0.0398 0.028959 0.010841 19 0 74.547 3.81088
1998 stock 13 0 0.016 0.0250015 -0.00900148 19 0 74.547 3.52046
1998 stock 14 0 0.0307 0.0228061 0.0078939 19 0 74.547 2.3431
1998 stock 15 0 0.0117 0.0223188 -0.0106188 19 0 74.547 2.84985
1998 stock 16 0 0.0123 0.0205356 -0.00823563 19 0 74.547 2.21563
1998 stock 17 0 0.0147 0.016893 -0.002193 19 0 74.547 0.993975
1998 stock 18 0 0.0192 0.0129331 0.00626694 19 0 74.547 -0.120037
1998 stock 19 0 0.0247 0.0282642 -0.00356418 19 0 74.547 4.14584
1999 stock 3 0 0.1308 0.0706745 0.0601255 17 0 66.6999 10.3111
1999 stock 4 0 0.1072 0.090832 0.016368 17 0 66.6999 16.1835
1999 stock 5 0 0.1112 0.117508 -0.00630838 17 0 66.6999 23.2187
1999 stock 6 0 0.0771 0.118578 -0.0414778 17 0 66.6999 26.0482
1999 stock 7 0 0.06 0.132441 -0.0724415 17 0 66.6999 32.2903
1999 stock 8 0 0.112 0.131656 -0.0196562 17 0 66.6999 27.1752
1999 stock 9 0 0.0669 0.0864662 -0.0195662 17 0 66.6999 17.2888
1999 stock 10 0 0.0692 0.0502025 0.0189975 17 0 66.6999 7.30998
1999 stock 11 0 0.037 0.0372159 -0.000215873 17 0 66.6999 5.1592
1999 stock 12 0 0.0382 0.0292809 0.00891909 17 0 66.6999 3.09244
1999 stock 13 0 0.0227 0.0233934 -0.000693444 17 0 66.6999 2.0042
1999 stock 14 0 0.0204 0.0198452 0.000554827 17 0 66.6999 1.14794
1999 stock 15 0 0.0032 0.0177824 -0.0145824 17 0 66.6999 0.987757
1999 stock 16 0 0.0305 0.0168831 0.0136169 17 0 66.6999 0.379649
1999 stock 17 0 0.0191 0.0152755 0.00382448 17 0 66.6999 0.0641061
1999 stock 18 0 0.0279 0.0124884 0.0154116 17 0 66.6999 -0.476349
1999 stock 19 0 0.0668 0.0294762 0.0373238 17 0 66.6999 2.60023
2000 stock 3 0 0.0751 0.0692701 0.00582991 31 0 121.629 28.6177
2000 stock 4 0 0.0821 0.0776607 0.00443933 31 0 121.629 32.6834
2000 stock 5 0 0.0855 0.0962734 -0.0107734 31 0 121.629 43.1344
2000 stock 6 0 0.0724 0.1182 -0.0457999 31 0 121.629 58.6584
2000 stock 7 0 0.0813 0.117443 -0.0361432 31 0 121.629 56.6347
2000 stock 8 0 0.1222 0.124195 -0.00199469 31 0 121.629 55.1259
2000 stock 9 0 0.0921 0.11722 -0.0251197 31 0 121.629 54.8416
2000 stock 10 0 0.0678 0.0773855 -0.00958548 31 0 121.629 34.1363
2000 stock 11 0 0.0684 0.0444444 0.0239556 31 0 121.629 15.6247
2000 stock 12 0 0.0507 0.0313785 0.0193215 31 0 121.629 9.96462
2000 stock 13 0 0.0308 0.0241983 0.00660169 31 0 121.629 7.40428
2000 stock 14 0 0.0599 0.0189592 0.0409408 31 0 121.629 3.83429
2000 stock 15 0 0.0231 0.0157395 0.00736047 31 0 121.629 3.41155
2000 stock 16 0 0.0198 0.0138007 0.00599931 31 0 121.629 2.5613
2000 stock 17 0 0.0227 0.0126991 0.0100009 31 0 121.629 1.9432
2000 stock 18 0 0.0031 0.0112595 -0.00815946 31 0 121.629 2.01699
2000 stock 19 0 0.0429 0.0298737 0.0130263 31 0 121.629 9.64381
2001 stock 3 0 0.0097 0.0470037 -0.0373037 23 0 90.2411 17.1306
2001 stock 4 0 0.0587 0.077192 -0.018492 23 0 90.2411 23.4306
2001 stock 5 0 0.0832 0.0845305 -0.0013305 23 0 90.2411 24.2658
2001 stock 6 0 0.0623 0.101198 -0.0388981 23 0 90.2411 33.462
2001 stock 7 0 0.1438 0.118145 0.0256553 23 0 90.2411 33.0507
2001 stock 8 0 0.1161 0.115232 0.000867903 23 0 90.2411 33.946
2001 stock 9 0 0.1212 0.115886 0.00531376 23 0 90.2411 33.802
2001 stock 10 0 0.1086 0.104944 0.00365635 23 0 90.2411 30.4286
2001 stock 11 0 0.1065 0.069767 0.036733 23 0 90.2411 17.1607
2001 stock 12 0 0.0692 0.0399658 0.0292342 23 0 90.2411 8.28186
2001 stock 13 0 0.02 0.0270107 -0.00701075 23 0 90.2411 5.86514
2001 stock 14 0 0.0245 0.020317 0.00418299 23 0 90.2411 3.03011
2001 stock 15 0 0.0056 0.0156324 -0.0100324 23 0 90.2411 2.0092
2001 stock 16 0 0.0138 0.0126793 0.00112065 23 0 90.2411 0.550384
2001 stock 17 0 0.0226 0.0108597 0.0117403 23 0 90.2411 -0.0639537
2001 stock 18 0 0.0047 0.0096912 -0.0049912 23 0 90.2411 -0.586241
2001 stock 19 0 0.0296 0.0299457 -0.000345699 23 0 90.2411 6.42886
2002 stock 3 0 0.0527 0.0857783 -0.0330783 24 0 94.1646 29.5107
2002 stock 4 0 0.0445 0.0524224 -0.00792244 24 0 94.1646 15.3336
2002 stock 5 0 0.0387 0.0791221 -0.0404221 24 0 94.1646 28.4147
2002 stock 6 0 0.0478 0.0860599 -0.0382599 24 0 94.1646 30.3358
2002 stock 7 0 0.0913 0.0992746 -0.00797461 24 0 94.1646 31.3391
2002 stock 8 0 0.1144 0.110694 0.00370553 24 0 94.1646 34.1954
2002 stock 9 0 0.1172 0.106048 0.0111519 24 0 94.1646 32.0351
2002 stock 10 0 0.1324 0.102141 0.0302586 24 0 94.1646 29.3748
2002 stock 11 0 0.1077 0.0893532 0.0183468 24 0 94.1646 25.8918
2002 stock 12 0 0.0952 0.0597028 0.0354972 24 0 94.1646 15.0253
2002 stock 13 0 0.0576 0.0341856 0.0234144 24 0 94.1646 7.23827
2002 stock 14 0 0.0287 0.0221409 0.0065591 24 0 94.1646 3.89046
2002 stock 15 0 0.0131 0.0161346 -0.00303465 24 0 94.1646 2.13139
2002 stock 16 0 0.0098 0.0121522 -0.00235219 24 0 94.1646 0.600201
2002 stock 17 0 0.0027 0.00959558 -0.00689558 24 0 94.1646 -0.506673
2002 stock 18 0 0.0047 0.00799394 -0.00329394 24 0 94.1646 -1.12502
2002 stock 19 0 0.0413 0.0271999 0.0141001 24 0 94.1646 5.30426
2003 stock 3 0 0.0388 0.0690927 -0.0302927 10 0 39.2352 6.0027
2003 stock 4 0 0.1001 0.0906866 0.00941337 10 0 39.2352 7.15335
2003 stock 5 0 0.0304 0.0586642 -0.0282642 10 0 39.2352 4.70247
2003 stock 6 0 0.1096 0.0801906 0.0294094 10 0 39.2352 5.57758
2003 stock 7 0 0.0609 0.0865798 -0.0256798 10 0 39.2352 7.7971
2003 stock 8 0 0.1157 0.0960432 0.0196568 10 0 39.2352 7.47898
2003 stock 9 0 0.0837 0.102822 -0.0191224 10 0 39.2352 9.3615
2003 stock 10 0 0.0741 0.0968553 -0.0227553 10 0 39.2352 8.83341
2003 stock 11 0 0.1217 0.0898811 0.0318189 10 0 39.2352 6.55165
2003 stock 12 0 0.0897 0.07628 0.01342 10 0 39.2352 5.49194
2003 stock 13 0 0.0349 0.0511382 -0.0162382 10 0 39.2352 3.37954
2003 stock 14 0 0.0433 0.0293375 0.0139625 10 0 39.2352 0.404593
2003 stock 15 0 0.0176 0.0182813 -0.000681281 10 0 39.2352 -0.901972
2003 stock 16 0 0.0002 0.0128601 -0.0126601 10 0 39.2352 -3.65624
2003 stock 17 0 0.0076 0.00946487 -0.00186487 10 0 39.2352 -2.19437
2003 stock 18 0 0.0133 0.00726902 0.00603098 10 0 39.2352 -1.93891
2003 stock 19 0 0.0586 0.0245531 0.0340469 10 0 39.2352 -0.0817075
2004 stock 3 0 0.0319 0.0974122 -0.0655122 16 0 62.7764 22.6078
2004 stock 4 0 0.0301 0.0768986 -0.0467986 16 0 62.7764 16.3298
2004 stock 5 0 0.0306 0.092381 -0.061781 16 0 62.7764 21.183
2004 stock 6 0 0.0536 0.0632127 -0.00961273 16 0 62.7764 10.4378
2004 stock 7 0 0.0893 0.0771714 0.0121286 16 0 62.7764 12.2341
2004 stock 8 0 0.0821 0.0815315 0.000568516 16 0 62.7764 13.6526
2004 stock 9 0 0.1564 0.0862859 0.0701141 16 0 62.7764 12.0188
2004 stock 10 0 0.0579 0.0887933 -0.0308933 16 0 62.7764 17.1096
2004 stock 11 0 0.1151 0.0822559 0.0328441 16 0 62.7764 12.4294
2004 stock 12 0 0.0998 0.0740281 0.0257719 16 0 62.7764 11.0662
2004 stock 13 0 0.1081 0.0612834 0.0468166 16 0 62.7764 7.93718
2004 stock 14 0 0.0475 0.041279 0.00622101 16 0 62.7764 5.1998
2004 stock 15 0 0.0339 0.0238687 0.0100313 16 0 62.7764 1.56589
2004 stock 16 0 0.0179 0.0144671 0.00343288 16 0 62.7764 -0.309078
2004 stock 17 0 0.0131 0.00986128 0.00323872 16 0 62.7764 -1.28192
2004 stock 18 0 0.0002 0.00711364 -0.00691364 16 0 62.7764 -4.02889
2004 stock 19 0 0.0325 0.0221562 0.0103438 16 0 62.7764 1.22037
2005 stock 3 0 0.4424 0.307544 0.134856 16 0 62.7764 52.222
2005 stock 4 0 0.1235 0.0836597 0.0398403 16 0 62.7764 12.4571
2005 stock 5 0 0.044 0.0623177 -0.0183177 16 0 62.7764 10.7785
2005 stock 6 0 0.043 0.0679621 -0.0249621 16 0 62.7764 12.4142
2005 stock 7 0 0.0604 0.0485125 0.0118875 16 0 62.7764 6.47655
2005 stock 8 0 0.0319 0.0534555 -0.0215555 16 0 62.7764 9.16121
2005 stock 9 0 0.0147 0.055527 -0.040827 16 0 62.7764 11.6751
2005 stock 10 0 0.0492 0.0568592 -0.00765921 16 0 62.7764 9.01707
2005 stock 11 0 0.0292 0.0570003 -0.0278003 16 0 62.7764 10.3989
2005 stock 12 0 0.0148 0.0523031 -0.0375031 16 0 62.7764 10.5902
2005 stock 13 0 0.0282 0.0461116 -0.0179116 16 0 62.7764 7.3594
2005 stock 14 0 0.0292 0.0375028 -0.00830277 16 0 62.7764 4.97305
2005 stock 15 0 0.0154 0.0254389 -0.0100389 16 0 62.7764 2.37838
2005 stock 16 0 0.0135 0.0148913 -0.00139131 16 0 62.7764 -0.239361
2005 stock 17 0 0.0077 0.00886372 -0.00116372 16 0 62.7764 -1.68969
2005 stock 18 0 0.0136 0.00586846 0.00773154 16 0 62.7764 -1.83299
2005 stock 19 0 0.0392 0.0161821 0.0230179 16 0 62.7764 0.042409
2006 stock 3 0 0.2396 0.15012 0.0894797 20 0 78.4705 32.3694
2006 stock 4 0 0.2879 0.279444 0.00845627 20 0 78.4705 71.2181
2006 stock 5 0 0.087 0.086323 0.000677028 20 0 78.4705 20.2584
2006 stock 6 0 0.0462 0.0582232 -0.0120232 20 0 78.4705 13.5231
2006 stock 7 0 0.0703 0.0586208 0.0116792 20 0 78.4705 12.1518
2006 stock 8 0 0.067 0.0433528 0.0236472 20 0 78.4705 7.5869
2006 stock 9 0 0.0324 0.0440247 -0.0116247 20 0 78.4705 9.56971
2006 stock 10 0 0.0317 0.0449529 -0.0132529 20 0 78.4705 9.95483
2006 stock 11 0 0.0368 0.0445878 -0.0077878 20 0 78.4705 9.45145
2006 stock 12 0 0.0283 0.0433399 -0.0150399 20 0 78.4705 9.65225
2006 stock 13 0 0.0237 0.0389833 -0.0152833 20 0 78.4705 8.45381
2006 stock 14 0 0.0115 0.0334002 -0.0219002 20 0 78.4705 7.61134
2006 stock 15 0 0.0121 0.0264889 -0.0143889 20 0 78.4705 4.79671
2006 stock 16 0 0.0133 0.0179124 -0.00461235 20 0 78.4705 1.63221
2006 stock 17 0 0.01 0.0105079 -0.000507903 20 0 78.4705 -0.678888
2006 stock 18 0 0.0001 0.00609942 -0.00599942 20 0 78.4705 -4.18656
2006 stock 19 0 0.0022 0.0136189 -0.0114189 20 0 78.4705 0.384381
2007 stock 3 0 0.0993 0.126993 -0.0276931 21 0 82.394 35.7135
2007 stock 4 0 0.1484 0.153041 -0.00464092 21 0 82.394 41.1568
2007 stock 5 0 0.2786 0.249117 0.029483 21 0 82.394 65.8621
2007 stock 6 0 0.1096 0.0898857 0.0197143 21 0 82.394 21.5153
2007 stock 7 0 0.0726 0.0533345 0.0192655 21 0 82.394 11.2114
2007 stock 8 0 0.0281 0.0497069 -0.0216069 21 0 82.394 12.9703
2007 stock 9 0 0.0516 0.0374291 0.0141709 21 0 82.394 6.94923
2007 stock 10 0 0.0376 0.0354358 0.00216419 21 0 82.394 6.91839
2007 stock 11 0 0.0495 0.0354114 0.0140886 21 0 82.394 6.3827
2007 stock 12 0 0.0135 0.0341553 -0.0206553 21 0 82.394 8.33889
2007 stock 13 0 0.0165 0.0322736 -0.0157736 21 0 82.394 7.21248
2007 stock 14 0 0.0319 0.0284821 0.0034179 21 0 82.394 4.8226
2007 stock 15 0 0.0388 0.023815 0.014985 21 0 82.394 3.11106
2007 stock 16 0 0.0064 0.0184784 -0.0120784 21 0 82.394 2.5197
2007 stock 17 0 0.0106 0.0124588 -0.00185881 21 0 82.394 0.105891
2007 stock 18 0 0.0001 0.00733601 -0.00723601 21 0 82.394 -3.25179
2007 stock 19 0 0.0068 0.0126463 -0.00584634 21 0 82.394 0.186717
2008 stock 3 0 0.0153 0.050205 -0.034905 17 0 66.6999 10.8551
2008 stock 4 0 0.1008 0.13395 -0.0331496 17 0 66.6999 28.671
2008 stock 5 0 0.1202 0.163918 -0.0437176 17 0 66.6999 35.9924
2008 stock 6 0 0.3307 0.235471 0.0952291 17 0 66.6999 43.3686
2008 stock 7 0 0.0911 0.0974188 -0.00631879 17 0 66.6999 18.8303
2008 stock 8 0 0.1118 0.0511372 0.0606628 17 0 66.6999 6.38623
2008 stock 9 0 0.0304 0.0443671 -0.0139671 17 0 66.6999 7.50029
2008 stock 10 0 0.0941 0.0336938 0.0604062 17 0 66.6999 3.07142
2008 stock 11 0 0.0185 0.0301637 -0.0116637 17 0 66.6999 4.04262
2008 stock 12 0 0.0213 0.0293807 -0.00808072 17 0 66.6999 3.67738
2008 stock 13 0 0.0187 0.0276475 -0.00894749 17 0 66.6999 3.301
2008 stock 14 0 0.0138 0.025444 -0.011644 17 0 66.6999 2.8894
2008 stock 15 0 0.0172 0.0220401 -0.00484015 17 0 66.6999 1.78839
2008 stock 16 0 0.0001 0.0180351 -0.0179351 17 0 66.6999 1.78292
2008 stock 17 0 0.0097 0.0137229 -0.00402294 17 0 66.6999 -0.337514
2008 stock 18 0 0.0061 0.00921861 -0.00311861 17 0 66.6999 -1.5882
2008 stock 19 0 0.0001 0.0141872 -0.0140872 17 0 66.6999 -0.461283
2009 stock 3 0 0.0539 0.0898828 -0.0359828 27 0 105.935 36.626
2009 stock 4 0 0.0498 0.0566131 -0.00681309 27 0 105.935 19.7736
2009 stock 5 0 0.1413 0.130518 0.0107818 27 0 105.935 47.2013
2009 stock 6 0 0.1398 0.162492 -0.0226922 27 0 105.935 63.1732
2009 stock 7 0 0.2082 0.20847 -0.000269823 27 0 105.935 78.7255
2009 stock 8 0 0.1102 0.0963637 0.0138363 27 0 105.935 33.5817
2009 stock 9 0 0.0759 0.045983 0.029917 27 0 105.935 12.9672
2009 stock 10 0 0.055 0.0373754 0.0176246 27 0 105.935 10.3244
2009 stock 11 0 0.0394 0.0285 0.0109 27 0 105.935 7.24079
2009 stock 12 0 0.0249 0.0244666 0.000433443 27 0 105.935 6.22991
2009 stock 13 0 0.0247 0.0231795 0.00152052 27 0 105.935 5.64071
2009 stock 14 0 0.027 0.021359 0.00564105 27 0 105.935 4.69281
2009 stock 15 0 0.0184 0.0191966 -0.000796576 27 0 105.935 4.14418
2009 stock 16 0 0.0172 0.0163379 0.000862106 27 0 105.935 2.87993
2009 stock 17 0 0.0102 0.0131188 -0.00291879 27 0 105.935 1.66818
2009 stock 18 0 0.0024 0.00981055 -0.00741055 27 0 105.935 0.215534
2009 stock 19 0 0.0016 0.0163331 -0.0147331 27 0 105.935 4.61205
2010 stock 3 0 0.0722 0.0780565 -0.00585649 16 0 62.7764 13.2794
2010 stock 4 0 0.089 0.0903364 -0.00133641 16 0 62.7764 15.5359
2010 stock 5 0 0.1032 0.0628712 0.0403288 16 0 62.7764 8.41788
2010 stock 6 0 0.1441 0.125403 0.0186966 16 0 62.7764 21.5825
2010 stock 7 0 0.1502 0.158232 -0.00803238 16 0 62.7764 29.5873
2010 stock 8 0 0.1771 0.184905 -0.00780515 16 0 62.7764 34.9131
2010 stock 9 0 0.072 0.0934584 -0.0214584 16 0 62.7764 17.3676
2010 stock 10 0 0.0446 0.0420749 0.00252515 16 0 62.7764 5.49333
2010 stock 11 0 0.0387 0.0319302 0.00676985 16 0 62.7764 3.26831
2010 stock 12 0 0.0193 0.0242064 -0.00490644 16 0 62.7764 1.93128
2010 stock 13 0 0.0163 0.0199957 -0.00369566 16 0 62.7764 0.95133
2010 stock 14 0 0.0221 0.0182848 0.00381524 16 0 62.7764 0.495094
2010 stock 15 0 0.0219 0.0164336 0.00546637 16 0 62.7764 0.103466
2010 stock 16 0 0.0173 0.0143723 0.0029277 16 0 62.7764 -0.331922
2010 stock 17 0 0.0058 0.0119646 -0.00616457 16 0 62.7764 -1.07975
2010 stock 18 0 0.0061 0.00940119 -0.00330119 16 0 62.7764 -1.67635
2010 stock 19 0 0.0001 0.018073 -0.017973 16 0 62.7764 1.17564
2011 stock 3 0 0.063 0.070323 -0.00732299 13 0 51.0058 8.4498
2011 stock 4 0 0.0511 0.0826481 -0.0315481 13 0 51.0058 11.6319
2011 stock 5 0 0.177 0.08973 0.08727 13 0 51.0058 8.75459
2011 stock 6 0 0.0599 0.0683668 -0.0084668 13 0 51.0058 8.18817
2011 stock 7 0 0.1653 0.119154 0.0461455 13 0 51.0058 14.06
2011 stock 8 0 0.1108 0.150326 -0.0395263 13 0 51.0058 22.5312
2011 stock 9 0 0.1187 0.162638 -0.0439382 13 0 51.0058 24.6744
2011 stock 10 0 0.0711 0.0881401 -0.0170401 13 0 51.0058 11.6891
2011 stock 11 0 0.0168 0.0386909 -0.0218909 13 0 51.0058 3.96694
2011 stock 12 0 0.034 0.0272436 0.00675635 13 0 51.0058 1.19842
2011 stock 13 0 0.043 0.0204098 0.0225902 13 0 51.0058 0.106752
2011 stock 14 0 0.0095 0.0163319 -0.00683195 13 0 51.0058 -0.656097
2011 stock 15 0 0.0011 0.0144045 -0.0133045 13 0 51.0058 -1.58706
2011 stock 16 0 0.0211 0.0126406 0.00845941 13 0 51.0058 -1.03795
2011 stock 17 0 0.0241 0.0107801 0.0133199 13 0 51.0058 -1.19677
2011 stock 18 0 0.0319 0.00878514 0.0231149 13 0 51.0058 -1.22004
2011 stock 19 0 0.0019 0.0193863 -0.0174863 13 0 51.0058 -0.0635338
2012 stock 3 0 0.0491 0.0673427 -0.0182427 13 0 51.0058 8.46828
2012 stock 4 0 0.0619 0.075175 -0.013275 13 0 51.0058 9.47352
2012 stock 5 0 0.1059 0.0856598 0.0202402 13 0 51.0058 9.83878
2012 stock 6 0 0.1332 0.0885521 0.0446479 13 0 51.0058 9.5662
2012 stock 7 0 0.0625 0.0720612 -0.00956115 13 0 51.0058 8.81778
2012 stock 8 0 0.1253 0.111772 0.0135283 13 0 51.0058 14.0498
2012 stock 9 0 0.1391 0.139293 -0.000192769 13 0 51.0058 18.8182
2012 stock 10 0 0.0591 0.141597 -0.0824969 13 0 51.0058 24.5991
2012 stock 11 0 0.0947 0.0809791 0.0137209 13 0 51.0058 9.33645
2012 stock 12 0 0.0313 0.0355447 -0.00424473 13 0 51.0058 2.74898
2012 stock 13 0 0.0382 0.0231005 0.0150995 13 0 51.0058 0.503223
2012 stock 14 0 0.0314 0.0169686 0.0144314 13 0 51.0058 -0.371919
2012 stock 15 0 0.0111 0.0131946 -0.00209464 13 0 51.0058 -1.17689
2012 stock 16 0 0.0103 0.0112149 -0.000914944 13 0 51.0058 -1.51545
2012 stock 17 0 0.0001 0.00960159 -0.00950159 13 0 51.0058 -4.10692
2012 stock 18 0 0.0074 0.00799165 -0.000591651 13 0 51.0058 -2.12901
2012 stock 19 0 0.0394 0.0199519 0.0194481 13 0 51.0058 0.0471804
*end

*observation[chatOBSwst]
observation_type: process_removals_by_age
likelihood: multinomial
Values {dataframe}
year category age length observed expected residual error_value process_error adjusted_error neglogLike pearsons_residuals
1992 stock 3 0 0.0583 0.0691549 -0.0108549 27 0 27 4.54318 -0.222309
1992 stock 4 0 0.0978 0.117443 -0.019643 27 0 27 7.01494 -0.317033
1992 stock 5 0 0.0796 0.0993642 -0.0197642 27 0 27 5.79756 -0.343299
1992 stock 6 0 0.1452 0.109757 0.0354431 27 0 27 11.7209 0.589173
1992 stock 7 0 0.0885 0.0929744 -0.0044744 27 0 27 6.75721 -0.0800618
1992 stock 8 0 0.1002 0.0843355 0.0158645 27 0 27 8.12471 0.296644
1992 stock 9 0 0.0517 0.0980089 -0.0463089 27 0 27 3.45644 -0.809305
1992 stock 10 0 0.0995 0.0892774 0.0102226 27 0 27 7.90295 0.186285
1992 stock 11 0 0.0585 0.0700856 -0.0115856 27 0 27 4.54049 -0.23581
1992 stock 12 0 0.0607 0.0533907 0.00730932 27 0 27 5.18915 0.168943
1992 stock 13 0 0.056 0.0392282 0.0167718 27 0 27 5.18956 0.448903
1992 stock 14 0 0.0233 0.0277466 -0.00444665 27 0 27 2.14653 -0.140676
1992 stock 15 0 0.0296 0.0189533 0.0106467 27 0 27 3.09814 0.405702
1992 stock 16 0 0.014 0.0124395 0.00156051 27 0 27 1.54023 0.0731586
1992 stock 17 0 0.0167 0.00770468 0.00899532 27 0 27 2.07262 0.534565
1992 stock 18 0 0.008 0.0044325 0.0035675 27 0 27 1.08062 0.279053
1992 stock 19 0 0.0122 0.00570374 0.00649626 27 0 27 1.58923 0.448237
1994 stock 3 0 0.182 0.183626 -0.00162558 9 0 9 3.16246 -0.0125956
1994 stock 4 0 0.1107 0.146636 -0.0359363 9 0 9 1.91114 -0.304766
1994 stock 5 0 0.1768 0.100586 0.0762138 9 0 9 4.00539 0.760162
1994 stock 6 0 0.1345 0.109379 0.0251209 9 0 9 2.78145 0.241458
1994 stock 7 0 0.1009 0.0790112 0.0218888 9 0 9 2.26883 0.243429
1994 stock 8 0 0.0905 0.0688304 0.0216696 9 0 9 2.11282 0.256783
1994 stock 9 0 0.0448 0.0564086 -0.0116086 9 0 9 1.03945 -0.150951
1994 stock 10 0 0.0175 0.0489553 -0.0314553 9 0 9 0.403228 -0.437335
1994 stock 11 0 0.0175 0.0504327 -0.0329327 9 0 9 0.398545 -0.451471
1994 stock 12 0 0.0153 0.0450859 -0.0297859 9 0 9 0.361912 -0.430655
1994 stock 13 0 0.0009 0.034581 -0.033681 9 0 9 0.0226304 -0.553005
1994 stock 14 0 0.0209 0.0253881 -0.00448812 9 0 9 0.609136 -0.0855962
1994 stock 15 0 0.0154 0.018047 -0.00264701 9 0 9 0.491269 -0.0596525
1994 stock 16 0 0.0146 0.0123834 0.00221659 9 0 9 0.514548 0.06013
1994 stock 17 0 0.013 0.00821123 0.00478877 9 0 9 0.504993 0.159196
1994 stock 18 0 0.0176 0.00524221 0.0123578 9 0 9 0.759525 0.513389
1994 stock 19 0 0.0271 0.00719583 0.0199042 9 0 9 1.1066 0.706469
1995 stock 3 0 0.3379 0.135889 0.202011 11 0 11 10.1794 1.95522
1995 stock 4 0 0.1712 0.221344 -0.0501442 11 0 11 3.42804 -0.400599
1995 stock 5 0 0.1471 0.152441 -0.0053407 11 0 11 3.4147 -0.0492787
1995 stock 6 0 0.1346 0.0927082 0.0418918 11 0 11 3.79244 0.479063
1995 stock 7 0 0.0573 0.0838163 -0.0265163 11 0 11 1.45421 -0.317362
1995 stock 8 0 0.0429 0.0604561 -0.0175561 11 0 11 1.20264 -0.244313
1995 stock 9 0 0.0037 0.0491697 -0.0454697 11 0 11 0.100451 -0.697458
1995 stock 10 0 0.0367 0.0395764 -0.00287639 11 0 11 1.18393 -0.0489322
1995 stock 11 0 0.0092 0.0334881 -0.0242881 11 0 11 0.293352 -0.447756
1995 stock 12 0 0.0125 0.0328325 -0.0203325 11 0 11 0.404975 -0.378429
1995 stock 13 0 0.0079 0.0289791 -0.0210791 11 0 11 0.263531 -0.416765
1995 stock 14 0 0.0175 0.0221015 -0.00460146 11 0 11 0.650661 -0.103809
1995 stock 15 0 0.0054 0.0159917 -0.0105917 11 0 11 0.214194 -0.280038
1995 stock 16 0 0.003 0.0112147 -0.00821466 11 0 11 0.130021 -0.258727
1995 stock 17 0 0.0028 0.00760399 -0.00480399 11 0 11 0.133266 -0.183415
1995 stock 18 0 0.01 0.00498441 0.00501559 11 0 11 0.52912 0.236209
1995 stock 19 0 0.0002 0.00740389 -0.00720389 11 0 11 0.00952675 -0.278707
1996 stock 3 0 0.1625 0.105872 0.056628 11 0 11 4.52011 0.610432
1996 stock 4 0 0.2141 0.172895 0.041205 11 0 11 5.17802 0.361389
1996 stock 5 0 0.2736 0.22691 0.0466896 11 0 11 6.26767 0.369721
1996 stock 6 0 0.1439 0.140667 0.00323343 11 0 11 3.44928 0.0308449
1996 stock 7 0 0.0654 0.0781335 -0.0127335 11 0 11 1.74238 -0.157359
1996 stock 8 0 0.0669 0.0625902 0.00430984 11 0 11 1.95147 0.0590119
1996 stock 9 0 0.0143 0.0450559 -0.0307559 11 0 11 0.41575 -0.491767
1996 stock 10 0 0.0261 0.0345912 -0.00849115 11 0 11 0.859952 -0.154108
1996 stock 11 0 0.0041 0.0273567 -0.0232567 11 0 11 0.13791 -0.472863
1996 stock 12 0 0.0046 0.022677 -0.018077 11 0 11 0.16444 -0.402728
1996 stock 13 0 0.0054 0.0213127 -0.0159127 11 0 11 0.197133 -0.365425
1996 stock 14 0 0.0059 0.0185541 -0.0126541 11 0 11 0.224658 -0.31101
1996 stock 15 0 0.0105 0.0141103 -0.00361034 11 0 11 0.435858 -0.101522
1996 stock 16 0 0.0003 0.0100935 -0.00979349 11 0 11 0.0132705 -0.32495
1996 stock 17 0 0.0017 0.00699561 -0.00529561 11 0 11 0.0822893 -0.210729
1996 stock 18 0 0.0004 0.00469345 -0.00429345 11 0 11 0.0210671 -0.208343
1996 stock 19 0 0.0001 0.00749196 -0.00739196 11 0 11 0.00474937 -0.284309
1997 stock 3 0 0.1477 0.103153 0.0445474 7 0 7 2.36325 0.3875
1997 stock 4 0 0.2041 0.137788 0.066312 7 0 7 3.06755 0.509012
1997 stock 5 0 0.2076 0.185141 0.0224592 7 0 7 2.70334 0.152986
1997 stock 6 0 0.143 0.20144 -0.0584402 7 0 7 1.60429 -0.385508
1997 stock 7 0 0.0652 0.118461 -0.0532613 7 0 7 0.852105 -0.436065
1997 stock 8 0 0.1273 0.0628563 0.0644437 7 0 7 2.42346 0.702509
1997 stock 9 0 0.0146 0.0460894 -0.0314894 7 0 7 0.263686 -0.397337
1997 stock 10 0 0.0103 0.0329649 -0.0226649 7 0 7 0.208543 -0.335858
1997 stock 11 0 0.0272 0.0242789 0.00292109 7 0 7 0.625395 0.0502131
1997 stock 12 0 0.0038 0.0188979 -0.0150979 7 0 7 0.0907881 -0.293361
1997 stock 13 0 0.0167 0.0154138 0.00128623 7 0 7 0.430934 0.0276241
1997 stock 14 0 0.0085 0.0139706 -0.00547058 7 0 7 0.222599 -0.123319
1997 stock 15 0 0.0034 0.011992 -0.00859199 7 0 7 0.0920025 -0.208842
1997 stock 16 0 0.0007 0.00910842 -0.00840842 7 0 7 0.0202143 -0.234169
1997 stock 17 0 0.0049 0.00646039 -0.00156039 7 0 7 0.154096 -0.0515301
1997 stock 18 0 0.0028 0.00443067 -0.00163067 7 0 7 0.0952159 -0.0649599
1997 stock 19 0 0.0121 0.00755384 0.00454616 7 0 7 0.370599 0.138917
1998 stock 3 0 0.2036 0.0790054 0.124595 55 0 55 46.4109 3.4255
1998 stock 4 0 0.1767 0.138178 0.0385222 55 0 55 33.6812 0.827874
1998 stock 5 0 0.1548 0.154794 5.71912e-06 55 0 55 27.6043 0.000117261
1998 stock 6 0 0.109 0.174535 -0.0655347 55 0 55 17.035 -1.28045
1998 stock 7 0 0.1254 0.166617 -0.0412172 55 0 55 20.6781 -0.820309
1998 stock 8 0 0.0962 0.0985042 -0.00230415 55 0 55 17.5542 -0.0573435
1998 stock 9 0 0.0381 0.0510013 -0.0129013 55 0 55 7.01906 -0.434902
1998 stock 10 0 0.036 0.0348416 0.00115838 55 0 55 7.32152 0.0468473
1998 stock 11 0 0.0185 0.0246955 -0.0061955 55 0 55 3.7734 -0.296059
1998 stock 12 0 0.0115 0.0176946 -0.00619457 55 0 55 2.44377 -0.348457
1998 stock 13 0 0.0063 0.0135362 -0.0072362 55 0 55 1.37594 -0.464412
1998 stock 14 0 0.0073 0.0108678 -0.00356778 55 0 55 1.69586 -0.255201
1998 stock 15 0 0.0045 0.0095287 -0.0050287 55 0 55 1.05403 -0.383883
1998 stock 16 0 0.0038 0.0080495 -0.0042495 55 0 55 0.919904 -0.352687
1998 stock 17 0 0.0034 0.00609908 -0.00269908 55 0 55 0.87212 -0.257095
1998 stock 18 0 0.0007 0.00429204 -0.00359204 55 0 55 0.188837 -0.407497
1998 stock 19 0 0.0041 0.00776014 -0.00366014 55 0 55 1.00331 -0.30934
1999 stock 3 0 0.0756 0.0670513 0.00854866 30 0 30 7.08297 0.187209
1999 stock 4 0 0.1427 0.110438 0.032262 30 0 30 13.0422 0.563774
1999 stock 5 0 0.1226 0.156687 -0.034087 30 0 30 9.52203 -0.513616
1999 stock 6 0 0.1509 0.152064 -0.00116394 30 0 30 12.5278 -0.017754
1999 stock 7 0 0.0957 0.151945 -0.0562454 30 0 30 7.04175 -0.858207
1999 stock 8 0 0.1168 0.13668 -0.0198796 30 0 30 9.43266 -0.316979
1999 stock 9 0 0.0806 0.0819198 -0.00131976 30 0 30 7.16151 -0.0263585
1999 stock 10 0 0.0671 0.041833 0.025267 30 0 30 7.09458 0.691249
1999 stock 11 0 0.0482 0.0270262 0.0211738 30 0 30 5.46887 0.715183
1999 stock 12 0 0.0246 0.0188927 0.0057073 30 0 30 2.84179 0.229608
1999 stock 13 0 0.0138 0.0132709 0.000529081 30 0 30 1.66901 0.025324
1999 stock 14 0 0.0188 0.00994872 0.00885128 30 0 30 2.48365 0.488489
1999 stock 15 0 0.0048 0.00784991 -0.00304991 30 0 30 0.630849 -0.18929
1999 stock 16 0 0.0116 0.00666677 0.00493323 30 0 30 1.62868 0.332037
1999 stock 17 0 0.0064 0.00552939 0.000870608 30 0 30 0.914933 0.0643055
1999 stock 18 0 0.0041 0.0041691 -6.90968e-05 30 0 30 0.614803 -0.00587361
1999 stock 19 0 0.0159 0.00802826 0.00787174 30 0 30 2.18005 0.483138
2000 stock 3 0 0.0457 0.0677409 -0.0220409 31 0 31 4.04168 -0.488332
2000 stock 4 0 0.0861 0.0972465 -0.0111465 31 0 31 7.61251 -0.209459
2000 stock 5 0 0.0885 0.131954 -0.0434542 31 0 31 7.03555 -0.714875
2000 stock 6 0 0.0925 0.155805 -0.0633052 31 0 31 6.95896 -0.97187
2000 stock 7 0 0.1439 0.137824 0.00607612 31 0 31 12.7355 0.0981402
2000 stock 8 0 0.1583 0.128308 0.0299923 31 0 31 14.7064 0.499324
2000 stock 9 0 0.1224 0.109249 0.0131512 31 0 31 11.2744 0.234725
2000 stock 10 0 0.0803 0.0656028 0.0146972 31 0 31 7.97038 0.330514
2000 stock 11 0 0.0704 0.0330804 0.0373196 31 0 31 8.30728 1.16182
2000 stock 12 0 0.0353 0.0203161 0.0149839 31 0 31 4.30645 0.591346
2000 stock 13 0 0.0176 0.0139354 0.00366465 31 0 31 2.21337 0.174061
2000 stock 14 0 0.0159 0.00966632 0.00623368 31 0 31 2.1656 0.354735
2000 stock 15 0 0.0125 0.00712591 0.00537409 31 0 31 1.79704 0.355728
2000 stock 16 0 0.0095 0.00555317 0.00394683 31 0 31 1.42223 0.295711
2000 stock 17 0 0.0083 0.00460625 0.00369375 31 0 31 1.28446 0.303722
2000 stock 18 0 0.002 0.00376578 -0.00176578 31 0 31 0.313354 -0.160513
2000 stock 19 0 0.0107 0.00822067 0.00247933 31 0 31 1.47955 0.152881
2001 stock 3 0 0.014 0.0477345 -0.0337345 32 0 32 1.24146 -0.895065
2001 stock 4 0 0.0839 0.0995248 -0.0156248 32 0 32 7.60514 -0.295249
2001 stock 5 0 0.114 0.119276 -0.00527623 32 0 32 10.4188 -0.0920877
2001 stock 6 0 0.1084 0.136372 -0.0279718 32 0 32 9.32166 -0.461073
2001 stock 7 0 0.2003 0.142205 0.0580951 32 0 32 19.8608 0.940948
2001 stock 8 0 0.1574 0.122459 0.0349406 32 0 32 15.4276 0.602941
2001 stock 9 0 0.095 0.108377 -0.0133772 32 0 32 8.59753 -0.243433
2001 stock 10 0 0.0726 0.0885147 -0.0159147 32 0 32 6.644 -0.316951
2001 stock 11 0 0.0573 0.0535598 0.00374025 32 0 32 5.91205 0.0939744
2001 stock 12 0 0.0322 0.0270824 0.00511756 32 0 32 3.73173 0.178343
2001 stock 13 0 0.0146 0.0159557 -0.00135569 32 0 32 1.81177 -0.0612025
2001 stock 14 0 0.0103 0.0106832 -0.000383171 32 0 32 1.38339 -0.0210838
2001 stock 15 0 0.0115 0.00732039 0.00417961 32 0 32 1.69237 0.277357
2001 stock 16 0 0.0064 0.00529447 0.00110553 32 0 32 0.986629 0.0861759
2001 stock 17 0 0.0056 0.00405839 0.00154161 32 0 32 0.907763 0.137169
2001 stock 18 0 0.0063 0.00328358 0.00301642 32 0 32 1.06708 0.298268
2001 stock 19 0 0.0102 0.00829853 0.00190147 32 0 32 1.45175 0.118569
2002 stock 3 0 0.0641 0.0898991 -0.0257991 23 0 23 3.81846 -0.43256
2002 stock 4 0 0.1068 0.0706902 0.0361098 23 0 23 7.6613 0.675662
2002 stock 5 0 0.0903 0.116271 -0.0259713 23 0 23 5.2344 -0.388563
2002 stock 6 0 0.0942 0.120253 -0.0260531 23 0 23 5.44145 -0.384145
2002 stock 7 0 0.1319 0.122349 0.00955104 23 0 23 8.20768 0.139783
2002 stock 8 0 0.13 0.120568 0.00943214 23 0 23 8.10468 0.138918
2002 stock 9 0 0.1041 0.10202 0.00208003 23 0 23 6.55143 0.0329577
2002 stock 10 0 0.0972 0.086542 0.010658 23 0 23 6.39199 0.181796
2002 stock 11 0 0.0659 0.0684262 -0.00252617 23 0 23 4.36089 -0.0479851
2002 stock 12 0 0.0555 0.0418023 0.0136977 23 0 23 4.19288 0.328234
2002 stock 13 0 0.017 0.021354 -0.00435401 23 0 23 1.38497 -0.144444
2002 stock 14 0 0.0186 0.0121423 0.0064577 23 0 23 1.76612 0.282777
2002 stock 15 0 0.0121 0.00790777 0.00419223 23 0 23 1.24271 0.22699
2002 stock 16 0 0.0015 0.00534925 -0.00384925 23 0 23 0.161512 -0.25308
2002 stock 17 0 0.0016 0.00379576 -0.00219576 23 0 23 0.184971 -0.171248
2002 stock 18 0 0.0003 0.00285541 -0.00255541 23 0 23 0.0364802 -0.229674
2002 stock 19 0 0.009 0.00777465 0.00122535 23 0 23 0.918009 0.0669081
2003 stock 3 0 0.0615 0.0751401 -0.0136401 14 0 14 2.17627 -0.193602
2003 stock 4 0 0.2039 0.124258 0.0796423 14 0 14 7.56514 0.903354
2003 stock 5 0 0.1448 0.087536 0.057264 14 0 14 5.65605 0.758131
2003 stock 6 0 0.1786 0.114688 0.0639116 14 0 14 6.61612 0.750474
2003 stock 7 0 0.1252 0.109413 0.0157868 14 0 14 4.3558 0.189228
2003 stock 8 0 0.1017 0.105843 -0.00414319 14 0 14 3.43011 -0.0503919
2003 stock 9 0 0.0479 0.100257 -0.0523565 14 0 14 1.4408 -0.652257
2003 stock 10 0 0.0395 0.083583 -0.044083 14 0 14 1.25494 -0.595978
2003 stock 11 0 0.0182 0.0685585 -0.0503585 14 0 14 0.583531 -0.745639
2003 stock 12 0 0.0174 0.0527692 -0.0353692 14 0 14 0.619838 -0.591931
2003 stock 13 0 0.0164 0.0324883 -0.0160883 14 0 14 0.69343 -0.339533
2003 stock 14 0 0.0131 0.0167803 -0.00368034 14 0 14 0.669256 -0.107208
2003 stock 15 0 0.0224 0.0092373 0.0131627 14 0 14 1.35869 0.514816
2003 stock 16 0 0.0001 0.00581925 -0.00571925 14 0 14 0.00639873 -0.281344
2003 stock 17 0 0.0024 0.00386829 -0.00146829 14 0 14 0.168165 -0.0885028
2003 stock 18 0 0.0036 0.00268516 0.000914839 14 0 14 0.271317 0.0661465
2003 stock 19 0 0.0032 0.00707543 -0.00387543 14 0 14 0.197567 -0.173001
2004 stock 3 0 0.0315 0.102611 -0.0711111 15 0 15 0.954363 -0.907603
2004 stock 4 0 0.0391 0.104367 -0.065267 15 0 15 1.21118 -0.826785
2004 stock 5 0 0.0515 0.137696 -0.086196 15 0 15 1.453 -0.968817
2004 stock 6 0 0.0571 0.0899452 -0.0328452 15 0 15 2.00911 -0.444626
2004 stock 7 0 0.1597 0.0978286 0.0618714 15 0 15 6.65595 0.806599
2004 stock 8 0 0.1345 0.0918643 0.0426357 15 0 15 5.52602 0.571702
2004 stock 9 0 0.1522 0.0857286 0.0664714 15 0 15 6.5779 0.919559
2004 stock 10 0 0.1204 0.0785466 0.0418534 15 0 15 5.11633 0.602526
2004 stock 11 0 0.0725 0.0646478 0.00785217 15 0 15 3.01786 0.123672
2004 stock 12 0 0.0565 0.05161 0.00489004 15 0 15 2.4553 0.0856047
2004 stock 13 0 0.0463 0.0387928 0.00750723 15 0 15 2.15985 0.150571
2004 stock 14 0 0.0284 0.0240237 0.00437632 15 0 15 1.46757 0.110692
2004 stock 15 0 0.0128 0.0125578 0.000242193 15 0 15 0.757442 0.00842353
2004 stock 16 0 0.01 0.00673166 0.00326834 15 0 15 0.680834 0.154803
2004 stock 17 0 0.0103 0.00409475 0.00620525 15 0 15 0.778561 0.376341
2004 stock 18 0 0.0002 0.00266531 -0.00246531 15 0 15 0.016058 -0.185192
2004 stock 19 0 0.0171 0.00628865 0.0108113 15 0 15 1.20048 0.529684
2005 stock 3 0 0.0214 0.312614 -0.291214 17 0 17 0.306311 -2.59019
2005 stock 4 0 0.0754 0.110165 -0.0347651 17 0 17 2.97072 -0.457816
2005 stock 5 0 0.0595 0.0926157 -0.0331157 17 0 17 2.41156 -0.470999
2005 stock 6 0 0.2281 0.0990184 0.129082 17 0 17 11.9625 1.78186
2005 stock 7 0 0.2038 0.0628391 0.140961 17 0 17 11.9919 2.39498
2005 stock 8 0 0.1148 0.0600849 0.0547151 17 0 17 6.13684 0.949302
2005 stock 9 0 0.0857 0.0552758 0.0304242 17 0 17 4.47317 0.548938
2005 stock 10 0 0.0869 0.0495405 0.0373595 17 0 17 4.70808 0.709871
2005 stock 11 0 0.0503 0.0439178 0.00638216 17 0 17 2.61828 0.128417
2005 stock 12 0 0.0301 0.0356925 -0.00559245 17 0 17 1.58511 -0.124288
2005 stock 13 0 0.0134 0.0278999 -0.0144999 17 0 17 0.722402 -0.363021
2005 stock 14 0 0.0149 0.0205729 -0.00567291 17 0 17 0.884746 -0.164777
2005 stock 15 0 0.0001 0.0128284 -0.0127284 17 0 17 0.00642646 -0.466355
2005 stock 16 0 0.0007 0.00681423 -0.00611423 17 0 17 0.052613 -0.306438
2005 stock 17 0 0.0001 0.00360045 -0.00350045 17 0 17 0.00858649 -0.240964
2005 stock 18 0 0.0128 0.00212602 0.010674 17 0 17 1.24874 0.955498
2005 stock 19 0 0.0019 0.00439451 -0.00249451 17 0 17 0.157506 -0.155493
2006 stock 3 0 0.1661 0.150842 0.0152578 8 0 8 2.68515 0.120582
2006 stock 4 0 0.2186 0.348264 -0.129664 8 0 8 2.31886 -0.769792
2006 stock 5 0 0.1687 0.116337 0.0523628 8 0 8 3.08796 0.461919
2006 stock 6 0 0.0753 0.0755787 -0.000278697 8 0 8 1.44346 -0.00298224
2006 stock 7 0 0.1089 0.0679845 0.0409155 8 0 8 2.29324 0.459744
2006 stock 8 0 0.1103 0.0439848 0.0663152 8 0 8 2.71139 0.91469
2006 stock 9 0 0.0325 0.0383768 -0.00587675 8 0 8 0.747192 -0.0865258
2006 stock 10 0 0.0358 0.0347209 0.00107912 8 0 8 0.856654 0.0166722
2006 stock 11 0 0.0158 0.030346 -0.014546 8 0 8 0.381214 -0.239845
2006 stock 12 0 0.0214 0.0263573 -0.00495733 8 0 8 0.545967 -0.0875271
2006 stock 13 0 0.0326 0.0213063 0.0112937 8 0 8 0.903096 0.221209
2006 stock 14 0 0.0042 0.0164622 -0.0122622 8 0 8 0.119504 -0.272567
2006 stock 15 0 0.003 0.0119924 -0.00899241 8 0 8 0.0927787 -0.233662
2006 stock 16 0 0.0024 0.0075462 -0.0051462 8 0 8 0.0830427 -0.168195
2006 stock 17 0 0.0023 0.00408655 -0.00178655 8 0 8 0.0908562 -0.0792084
2006 stock 18 0 0.0005 0.00214916 -0.00164916 8 0 8 0.022275 -0.100726
2006 stock 19 0 0.0016 0.00366511 -0.00206511 8 0 8 0.0645394 -0.096659
2008 stock 3 0 0.0262 0.0464446 -0.0202446 19 0 19 1.40713 -0.419321
2008 stock 4 0 0.1633 0.153949 0.00935138 19 0 19 7.72782 0.112945
2008 stock 5 0 0.239 0.204384 0.0346156 19 0 19 11.234 0.374173
2008 stock 6 0 0.225 0.286403 -0.0614026 19 0 19 8.94572 -0.592037
2008 stock 7 0 0.1453 0.109512 0.035788 19 0 19 7.60538 0.499538
2008 stock 8 0 0.0861 0.0483287 0.0377713 19 0 19 5.34101 0.767703
2008 stock 9 0 0.046 0.0370422 0.0089578 19 0 19 2.83243 0.206741
2008 stock 10 0 0.0186 0.0249125 -0.00631247 19 0 19 1.18927 -0.176541
2008 stock 11 0 0.0125 0.0192818 -0.00678182 19 0 19 0.842456 -0.21497
2008 stock 12 0 0.0091 0.0167207 -0.00762067 19 0 19 0.630282 -0.259063
2008 stock 13 0 0.0085 0.0140106 -0.00551057 19 0 19 0.61598 -0.204366
2008 stock 14 0 0.0083 0.0115982 -0.00329822 19 0 19 0.630859 -0.134275
2008 stock 15 0 0.0049 0.00910528 -0.00420528 19 0 19 0.390553 -0.192979
2008 stock 16 0 0.0026 0.00678569 -0.00418569 19 0 19 0.220097 -0.222241
2008 stock 17 0 0.0008 0.00476783 -0.00396783 19 0 19 0.0726721 -0.251077
2008 stock 18 0 0.0018 0.00299548 -0.00119548 19 0 19 0.17993 -0.0953536
2008 stock 19 0 0.002 0.00375874 -0.00175874 19 0 19 0.191412 -0.125278
2009 stock 3 0 0.0093 0.0822428 -0.0729428 12 0 12 0.224094 -0.91973
2009 stock 4 0 0.0663 0.0677735 -0.00147353 12 0 12 2.06909 -0.0203077
2009 stock 5 0 0.1699 0.169359 0.000540779 12 0 12 4.34961 0.00499459
2009 stock 6 0 0.2166 0.198388 0.0182123 12 0 12 5.5163 0.158204
2009 stock 7 0 0.276 0.232647 0.0433526 12 0 12 7.02676 0.355434
2009 stock 8 0 0.0985 0.0993951 -0.000895066 12 0 12 2.81607 -0.0103633
2009 stock 9 0 0.0722 0.0398443 0.0323557 12 0 12 2.74165 0.573043
2009 stock 10 0 0.0289 0.0284513 0.000448666 12 0 12 1.11958 0.00934824
2009 stock 11 0 0.0225 0.0192128 0.0032872 12 0 12 0.964505 0.0829533
2009 stock 12 0 0.0113 0.0142799 -0.00297987 12 0 12 0.512088 -0.087006
2009 stock 13 0 0.0057 0.0120356 -0.00633564 12 0 12 0.266564 -0.201268
2009 stock 14 0 0.0096 0.00991487 -0.00031487 12 0 12 0.475351 -0.0110089
2009 stock 15 0 0.0001 0.00803763 -0.00793763 12 0 12 0.00509687 -0.307943
2009 stock 16 0 0.0065 0.00622341 0.000276589 12 0 12 0.355996 0.0121834
2009 stock 17 0 0.0027 0.00457327 -0.00187327 12 0 12 0.156704 -0.0961773
2009 stock 18 0 0.0001 0.00316833 -0.00306833 12 0 12 0.00621399 -0.189133
2009 stock 19 0 0.0038 0.00445288 -0.000652882 12 0 12 0.22224 -0.0339683
2010 stock 3 0 0.0458 0.0768735 -0.0310735 12 0 12 1.29221 -0.404074
2010 stock 4 0 0.1024 0.111964 -0.00956409 12 0 12 2.80341 -0.10507
2010 stock 5 0 0.1382 0.0843014 0.0538986 12 0 12 4.50388 0.672008
2010 stock 6 0 0.1379 0.160703 -0.0228033 12 0 12 3.42456 -0.215089
2010 stock 7 0 0.1898 0.176764 0.0130357 12 0 12 4.91095 0.118377
2010 stock 8 0 0.181 0.186711 -0.00571078 12 0 12 4.50262 -0.0507667
2010 stock 9 0 0.089 0.0874616 0.00153836 12 0 12 2.63246 0.0188632
2010 stock 10 0 0.0316 0.0332301 -0.00163013 12 0 12 1.1728 -0.0315054
2010 stock 11 0 0.022 0.0220387 -3.86796e-05 12 0 12 0.905809 -0.000912681
2010 stock 12 0 0.008 0.0148781 -0.00687812 12 0 12 0.355789 -0.196807
2010 stock 13 0 0.0192 0.0107535 0.00844655 12 0 12 0.950712 0.28369
2010 stock 14 0 0.0087 0.00879907 -9.90663e-05 12 0 12 0.442414 -0.00367466
2010 stock 15 0 0.0096 0.00714417 0.00245583 12 0 12 0.513107 0.101011
2010 stock 16 0 0.0084 0.00568816 0.00271184 12 0 12 0.470861 0.124913
2010 stock 17 0 0.0021 0.00434862 -0.00224862 12 0 12 0.123005 -0.11838
2010 stock 18 0 0.0037 0.00315748 0.000542523 12 0 12 0.231613 0.0334985
2010 stock 19 0 0.0026 0.00518315 -0.00258315 12 0 12 0.146965 -0.124616
2011 stock 3 0 0.0559 0.0712645 -0.0153645 9 0 9 1.2082 -0.179167
2011 stock 4 0 0.1454 0.106837 0.038563 9 0 9 3.08599 0.374512
2011 stock 5 0 0.1752 0.126656 0.0485441 9 0 9 3.59823 0.437877
2011 stock 6 0 0.1189 0.0897095 0.0291905 9 0 9 2.6114 0.306446
2011 stock 7 0 0.1416 0.138238 0.00336174 9 0 9 2.66076 0.0292199
2011 stock 8 0 0.0917 0.152515 -0.060815 9 0 9 1.48833 -0.507469
2011 stock 9 0 0.1008 0.149682 -0.0488824 9 0 9 1.68659 -0.411053
2011 stock 10 0 0.0425 0.0754907 -0.0329907 9 0 9 0.869902 -0.374637
2011 stock 11 0 0.0139 0.028352 -0.014452 9 0 9 0.385677 -0.261218
2011 stock 12 0 0.02 0.0173359 0.00266407 9 0 9 0.650557 0.0612337
2011 stock 13 0 0.0335 0.0115855 0.0219145 9 0 9 1.23566 0.614364
2011 stock 14 0 0.0033 0.00815731 -0.00485731 9 0 9 0.126394 -0.162003
2011 stock 15 0 0.0177 0.00644187 0.0112581 9 0 9 0.731115 0.422167
2011 stock 16 0 0.0189 0.00512836 0.0137716 9 0 9 0.820774 0.578408
2011 stock 17 0 0.0062 0.00399727 0.00220273 9 0 9 0.278421 0.10473
2011 stock 18 0 0.0068 0.0030036 0.0037964 9 0 9 0.323113 0.208126
2011 stock 19 0 0.0078 0.00560494 0.00219506 9 0 9 0.327324 0.0882067
*end

*observation[chatOBSest]
observation_type: process_removals_by_age
likelihood: multinomial
Values {dataframe}
year category age length observed expected residual error_value process_error adjusted_error neglogLike pearsons_residuals
1992 stock 4 0 0.028 0.0181187 0.00988132 19 0 19 2.01461 0.322923
1992 stock 5 0 0.0241 0.0259426 -0.00184255 19 0 19 1.55071 -0.050524
1992 stock 6 0 0.0979 0.0472503 0.0506497 19 0 19 6.24556 1.04055
1992 stock 7 0 0.057 0.0633487 -0.00634867 19 0 19 3.02538 -0.113606
1992 stock 8 0 0.1119 0.0883992 0.0235008 19 0 19 5.97029 0.360854
1992 stock 9 0 0.0708 0.131985 -0.0611847 19 0 19 2.90598 -0.787941
1992 stock 10 0 0.1301 0.138148 -0.0080484 19 0 19 6.06305 -0.101671
1992 stock 11 0 0.0906 0.120959 -0.0303587 19 0 19 4.0881 -0.405823
1992 stock 12 0 0.1035 0.100349 0.00315115 19 0 19 5.18364 0.0457143
1992 stock 13 0 0.096 0.0796425 0.0163575 19 0 19 5.1521 0.263355
1992 stock 14 0 0.0431 0.0605557 -0.0174557 19 0 19 2.23079 -0.319007
1992 stock 15 0 0.0715 0.0442487 0.0272513 19 0 19 4.42592 0.57762
1992 stock 16 0 0.0245 0.0308728 -0.00637281 19 0 19 1.49747 -0.160594
1992 stock 17 0 0.0334 0.0201894 0.0132106 19 0 19 2.36887 0.409419
1992 stock 18 0 0.0095 0.0122176 -0.00271758 19 0 19 0.715586 -0.107829
1992 stock 19 0 0.0076 0.00704703 0.000552968 19 0 19 0.648223 0.0288144
1992 stock 20 0 0.0003 0.00412603 -0.00382603 19 0 19 0.028032 -0.26017
1992 stock 21 0 0.0003 0.00660027 -0.00630027 19 0 19 0.0253542 -0.339151
1995 stock 4 0 0.0973 0.0481919 0.0491081 18 0 18 5.7876 0.972811
1995 stock 5 0 0.0744 0.0528006 0.0215994 18 0 18 4.11702 0.409767
1995 stock 6 0 0.0468 0.0557056 -0.00890564 18 0 18 2.37423 -0.16474
1995 stock 7 0 0.1406 0.0806609 0.0599391 18 0 18 7.6064 0.933849
1995 stock 8 0 0.0826 0.0838988 -0.0012988 18 0 18 3.95995 -0.019876
1995 stock 9 0 0.0199 0.0913174 -0.0714174 18 0 18 0.741182 -1.05186
1995 stock 10 0 0.0596 0.0868069 -0.0272069 18 0 18 2.65446 -0.409974
1995 stock 11 0 0.0579 0.0835496 -0.0256496 18 0 18 2.60548 -0.39327
1995 stock 12 0 0.1469 0.0894203 0.0574797 18 0 18 7.74761 0.854621
1995 stock 13 0 0.0672 0.0843103 -0.0171103 18 0 18 3.09384 -0.261264
1995 stock 14 0 0.1135 0.0688989 0.0446011 18 0 18 6.19845 0.747098
1995 stock 15 0 0.0335 0.053372 -0.019872 18 0 18 1.65486 -0.375086
1995 stock 16 0 0.01 0.0398761 -0.0298761 18 0 18 0.500618 -0.647799
1995 stock 17 0 0.018 0.0286733 -0.0106733 18 0 18 1.03887 -0.271339
1995 stock 18 0 0.0252 0.0198418 0.0053582 18 0 18 1.65664 0.163011
1995 stock 19 0 0.0011 0.0131629 -0.0120629 18 0 18 0.0746315 -0.449045
1995 stock 20 0 0.0054 0.00828314 -0.00288314 18 0 18 0.417251 -0.134962
1995 stock 21 0 0.0001 0.0112296 -0.0111296 18 0 18 0.00704424 -0.448111
1997 stock 4 0 0.129 0.034088 0.094912 15 0 15 7.17201 2.0258
1997 stock 5 0 0.1608 0.0761418 0.0846582 15 0 15 7.31647 1.23623
1997 stock 6 0 0.1319 0.129484 0.00241624 15 0 15 4.71785 0.0278734
1997 stock 7 0 0.075 0.114843 -0.039843 15 0 15 2.49247 -0.483989
1997 stock 8 0 0.151 0.0930553 0.0579447 15 0 15 6.32948 0.7725
1997 stock 9 0 0.0469 0.0925538 -0.0456538 15 0 15 1.57923 -0.610119
1997 stock 10 0 0.0342 0.0780019 -0.0438019 15 0 15 1.18845 -0.632588
1997 stock 11 0 0.0383 0.0651477 -0.0268477 15 0 15 1.45349 -0.421339
1997 stock 12 0 0.0366 0.0554548 -0.0188548 15 0 15 1.46992 -0.319071
1997 stock 13 0 0.0481 0.0496217 -0.00152167 15 0 15 2.07576 -0.0271382
1997 stock 14 0 0.0563 0.0486026 0.00769736 15 0 15 2.49615 0.138636
1997 stock 15 0 0.0036 0.0442594 -0.0406594 15 0 15 0.139523 -0.765656
1997 stock 16 0 0.0048 0.0356187 -0.0308187 15 0 15 0.202673 -0.644015
1997 stock 17 0 0.0207 0.0267838 -0.00608384 15 0 15 1.01411 -0.145943
1997 stock 18 0 0.0001 0.0194018 -0.0193018 15 0 15 0.00504961 -0.541972
1997 stock 19 0 0.0442 0.0135543 0.0306457 15 0 15 2.74862 1.02645
1997 stock 20 0 0.0005 0.0091214 -0.0086214 15 0 15 0.0309455 -0.351223
1997 stock 21 0 0.018 0.0142662 0.0037338 15 0 15 1.04488 0.121945
1998 stock 4 0 0.0346 0.031896 0.00270401 23 0 23 2.66948 0.0737979
1998 stock 5 0 0.0816 0.0595955 0.0220045 23 0 23 5.87541 0.445771
1998 stock 6 0 0.0895 0.112995 -0.0234945 23 0 23 5.23619 -0.355909
1998 stock 7 0 0.1034 0.162832 -0.0594324 23 0 23 5.38561 -0.771988
1998 stock 8 0 0.1289 0.132105 -0.00320514 23 0 23 7.74861 -0.045396
1998 stock 9 0 0.078 0.0932667 -0.0152667 23 0 23 4.76756 -0.251771
1998 stock 10 0 0.0824 0.0785979 0.00380205 23 0 23 5.41891 0.0677567
1998 stock 11 0 0.0659 0.0620616 0.00383844 23 0 23 4.50887 0.0762992
1998 stock 12 0 0.0782 0.0489058 0.0292942 23 0 23 5.94345 0.651409
1998 stock 13 0 0.0415 0.0406721 0.000827894 23 0 23 3.03795 0.0201005
1998 stock 14 0 0.0505 0.0355989 0.0149011 23 0 23 3.95054 0.385688
1998 stock 15 0 0.0163 0.0335979 -0.0172979 23 0 23 1.1544 -0.460385
1998 stock 16 0 0.0315 0.0300185 0.00148145 23 0 23 2.44959 0.0416367
1998 stock 17 0 0.036 0.0239786 0.0120214 23 0 23 3.02611 0.376857
1998 stock 18 0 0.0224 0.0178008 0.00459918 23 0 23 1.95537 0.166811
1998 stock 19 0 0.0136 0.0126974 0.000902624 23 0 23 1.25555 0.0386624
1998 stock 20 0 0.0291 0.00873948 0.0203605 23 0 23 3.07058 1.0491
1998 stock 21 0 0.0168 0.0146408 0.00215916 23 0 23 1.51345 0.0862122
2001 stock 4 0 0.0212 0.0178901 0.00330987 53 0 53 4.57787 0.181786
2001 stock 5 0 0.0348 0.0356393 -0.000839331 53 0 53 6.70424 -0.03296
2001 stock 6 0 0.0389 0.0688299 -0.0299299 53 0 53 6.26818 -0.860678
2001 stock 7 0 0.121 0.112258 0.00874244 53 0 53 21.3905 0.201613
2001 stock 8 0 0.1385 0.139377 -0.000876559 53 0 53 23.6841 -0.0184254
2001 stock 9 0 0.1401 0.162109 -0.0220088 53 0 53 22.9045 -0.434747
2001 stock 10 0 0.1279 0.153943 -0.0260431 53 0 53 20.7665 -0.525352
2001 stock 11 0 0.1272 0.101873 0.0253266 53 0 53 23.4068 0.609559
2001 stock 12 0 0.0762 0.0564199 0.0197801 53 0 53 14.8471 0.624109
2001 stock 13 0 0.0457 0.0365476 0.0091524 53 0 53 9.13112 0.355082
2001 stock 14 0 0.0308 0.0264571 0.00434289 53 0 53 6.31124 0.197001
2001 stock 15 0 0.0298 0.0195564 0.0102436 53 0 53 6.55611 0.53856
2001 stock 16 0 0.0165 0.0152236 0.00127639 53 0 53 3.61186 0.0758916
2001 stock 17 0 0.0159 0.0125144 0.00338556 53 0 53 3.63351 0.221716
2001 stock 18 0 0.0099 0.0107642 -0.00086418 53 0 53 2.2581 -0.0609679
2001 stock 19 0 0.0088 0.00906496 -0.000264962 53 0 53 2.07216 -0.0203524
2001 stock 20 0 0.0035 0.00706406 -0.00356406 53 0 53 0.837683 -0.30981
2001 stock 21 0 0.0133 0.0144689 -0.00116895 53 0 53 2.891 -0.0712656
2004 stock 4 0 0.0065 0.0183336 -0.0118336 43 0 43 1.01326 -0.578421
2004 stock 5 0 0.0115 0.0375757 -0.0260757 43 0 43 1.50168 -0.899152
2004 stock 6 0 0.0156 0.0427656 -0.0271656 43 0 43 2.01282 -0.880436
2004 stock 7 0 0.0772 0.0760391 0.00116085 43 0 43 10.7603 0.0287187
2004 stock 8 0 0.0858 0.101924 -0.0161245 43 0 43 11.146 -0.349481
2004 stock 9 0 0.148 0.124775 0.0232248 43 0 43 20.516 0.460852
2004 stock 10 0 0.1419 0.134338 0.00756212 43 0 43 19.019 0.145413
2004 stock 11 0 0.1247 0.122792 0.00190813 43 0 43 16.6627 0.0381246
2004 stock 12 0 0.1171 0.106887 0.0102135 43 0 43 16.1067 0.216767
2004 stock 13 0 0.1057 0.0858612 0.0198388 43 0 43 15.189 0.464349
2004 stock 14 0 0.0379 0.0562326 -0.0183326 43 0 43 5.07062 -0.521834
2004 stock 15 0 0.0322 0.0313752 0.000824779 43 0 43 4.99999 0.0310242
2004 stock 16 0 0.0337 0.0181885 0.0155115 43 0 43 6.05603 0.76116
2004 stock 17 0 0.0157 0.0118832 0.00381678 43 0 43 2.89171 0.230973
2004 stock 18 0 0.0085 0.00823741 0.000262589 43 0 43 1.63718 0.0190507
2004 stock 19 0 0.0098 0.0059402 0.0038598 43 0 43 2.03941 0.329376
2004 stock 20 0 0.0055 0.00450522 0.000994785 43 0 43 1.1826 0.0974061
2004 stock 21 0 0.0228 0.0123463 0.0104537 43 0 43 4.3001 0.620771
2007 stock 4 0 0.0277 0.0572109 -0.0295109 42 0 42 3.40591 -0.823494
2007 stock 5 0 0.0732 0.147194 -0.073994 42 0 42 7.77656 -1.35348
2007 stock 6 0 0.1025 0.0780581 0.0244419 42 0 42 14.6265 0.590471
2007 stock 7 0 0.1159 0.0745501 0.0413499 42 0 42 17.2017 1.02023
2007 stock 8 0 0.0942 0.0883359 0.00586405 42 0 42 12.7132 0.133917
2007 stock 9 0 0.1308 0.0763048 0.0544952 42 0 42 19.7862 1.33028
2007 stock 10 0 0.0977 0.0770928 0.0206072 42 0 42 13.8509 0.500676
2007 stock 11 0 0.1001 0.076012 0.024088 42 0 42 14.3238 0.589048
2007 stock 12 0 0.0701 0.0709579 -0.000857933 42 0 42 9.51149 -0.0216551
2007 stock 13 0 0.0463 0.0649054 -0.0186054 42 0 42 5.96078 -0.489434
2007 stock 14 0 0.0455 0.0554707 -0.00997067 42 0 42 6.13902 -0.282299
2007 stock 15 0 0.0439 0.044934 -0.00103397 42 0 42 6.27443 -0.0323465
2007 stock 16 0 0.0103 0.0339285 -0.0236285 42 0 42 1.34263 -0.845812
2007 stock 17 0 0.0246 0.0223353 0.00226466 42 0 42 3.94219 0.0993199
2007 stock 18 0 0.0119 0.0128032 -0.000903166 42 0 42 2.05737 -0.0520633
2007 stock 19 0 0.003 0.00705581 -0.00405581 42 0 42 0.563781 -0.314026
2007 stock 20 0 0.0001 0.00417296 -0.00407296 42 0 42 0.0206025 -0.409469
2007 stock 21 0 0.0021 0.00867757 -0.00657757 42 0 42 0.373915 -0.459604
*end

*process[Recruitment]
age: 1
b0: 63675.8
b0_initialisation_phase: 
categories: stock
label: Recruitment
proportions: 1
r0: 5.62508e+06
ssb: biomass_t1
ssb_offset: 1
standardise_ycs_years: 1975 1976 1977 1978 1979 1980 1981 1982 1983 1984 1985 1986 1987 1988 1989 1990 1991 1992 1993 1994 1995 1996 1997 1998 1999 2000 2001 2002 2003 2004 2005 2006 2007 2008 2009
steepness: 0.9
type: recruitment_beverton_holt
ycs_years: 1974 1975 1976 1977 1978 1979 1980 1981 1982 1983 1984 1985 1986 1987 1988 1989 1990 1991 1992 1993 1994 1995 1996 1997 1998 1999 2000 2001 2002 2003 2004 2005 2006 2007 2008 2009 2010 2011 
standardised_ycs: 1 1.75017 1.80044 1.83363 1.85397 1.85652 1.81776 1.72343 1.62863 1.57832 0.718146 0.802521 0.807556 0.610914 0.858468 0.60355 1.08192 1.70286 1.23939 0.989153 0.969413 0.681755 0.538168 0.485129 0.281472 0.513392 0.361519 0.484964 1.87592 0.850906 0.786044 0.263444 0.529304 0.426959 0.367063 0.327219 3 3 
ycs_values: 1 1.03923 1.06909 1.08879 1.10087 1.10238 1.07937 1.02336 0.967065 0.937192 0.426429 0.476531 0.479521 0.362756 0.509752 0.358383 0.642437 1.01114 0.735941 0.587351 0.57563 0.404821 0.31956 0.288066 0.167136 0.304848 0.214667 0.287968 1.11391 0.505261 0.466746 0.156431 0.314297 0.253525 0.217959 0.1943 3 3 
true_ycs: 1 1.75011 1.80017 1.83277 1.85279 1.85568 1.81777 1.72504 1.63226 1.58418 0.721845 0.807624 0.813467 0.615811 0.865679 0.608617 1.09053 1.71502 1.24676 0.99339 0.971607 0.68188 0.537341 0.483827 0.280533 0.511099 0.359226 0.480851 1.85553 0.839553 0.77283 0.257676 0.51584 0.416163 0.358325 0.319885 2.9351 2.93553 
Recruits: 5.62508e+06 9.84451e+06 1.01261e+07 1.03095e+07 1.04221e+07 1.04384e+07 1.02251e+07 9.70347e+06 9.18159e+06 8.91116e+06 4.06044e+06 4.54295e+06 4.57582e+06 3.46399e+06 4.86952e+06 3.42352e+06 6.13433e+06 9.64711e+06 7.0131e+06 5.5879e+06 5.46537e+06 3.83563e+06 3.02259e+06 2.72157e+06 1.57802e+06 2.87498e+06 2.02068e+06 2.70483e+06 1.04375e+07 4.72256e+06 4.34723e+06 1.44945e+06 2.90164e+06 2.34095e+06 2.01561e+06 1.79938e+06 1.65102e+07 1.65126e+07 
Recruit_event_SSB: 63675.8 63600.5 63324.2 62615.4 62255.2 62657.1 63696.1 65885.8 69221.4 73465.8 78080.1 82423 86234.1 89222.3 90951.2 90925.6 88954.2 85495.6 80869.6 75227.2 69308.6 64100.2 60334.1 58051.9 56828.6 54821.6 51775.8 48686.2 45624.9 42826.5 39414.8 35260.9 32828.3 32926.2 33908.6 34884.7 35453.7 35560.6 
*end

*process[Ageing]
categories: stock
label: Ageing
type: ageing
*end

*process[instant_mort]
biomass: 1
categories: stock
label: instant_mort
m: 0.19
relative_m_by_age: One
time_step_proportions: 0.41999999999999998 0.25 0.33000000000000002
type: mortality_instantaneous
year: 1975 1976 1977 1978 1979 1980 1981 1982 1983 1984 1985 1986 1987 1988 1989 1990 1991 1992 1993 1994 1995 1996 1997 1998 1999 2000 2001 2002 2003 2004 2005 2006 2007 2008 2009 2010 2011 2012 
exploitation_rate[FishingEest]: 0.00244226 0.00741358 0.02697 0.000135672 0.011337 0.00596124 0.00178874 0.00417412 0.00283953 0.00212228 0.00510687 0.00123005 0.00178504 0.00268261 0.00587893 0.00985184 0.00751243 0.017346 0.0350527 0.0573869 0.064403 0.0609479 0.0479886 0.0305016 0.0904065 0.060034 0.0498637 0.0330064 0.0236876 0.070075 0.0572214 0.0118086 0.0321473 0.0416651 0.036383 0.00659901 0.00456487 0.00572621 
fishing_pressure[FishingEest]: 0.00364536 0.009691 0.0279796 0.000575204 0.0127583 0.0123431 0.014086 0.00867666 0.00448568 0.00439237 0.00735153 0.00401745 0.00560547 0.00651079 0.00988303 0.013295 0.0125155 0.0269276 0.0445079 0.0628861 0.0737339 0.0825756 0.0719586 0.0543343 0.110488 0.0819477 0.0752386 0.0436149 0.0364375 0.0886731 0.131375 0.017103 0.0391081 0.0479017 0.0625319 0.0125235 0.0279648 0.0285324 
catch[FishingEest]: 111 336 1214 6 506 269 83 203 148 120 312 80 122 189 418 689 503 1087 1996 2912 2903 2483 1820 1124 3339 2130 1700 1058 718 1983 1434 255 683 901 832 159 118 150 
actual_catch[FishingEest]: 111 336 1214 6 506 269 83 203 148 120 312 80 122 189 418 689 503 1087 1996 2912 2903 2483 1820 1124 3339 2130 1700 1058 718 1983 1434 255 683 901 832 159 118 150 
exploitation_rate[FishingWest]: 0.00142995 0.0027205 0.00132207 0.000495159 0.00173076 0.00755094 0.0132888 0.00532719 0.00195408 0.00268594 0.0026706 0.0031806 0.00437019 0.0044768 0.00474806 0.00410634 0.00593346 0.0113779 0.0113156 0.0067625 0.011313 0.0257892 0.0284864 0.0282388 0.024111 0.0261218 0.0301514 0.0126649 0.0151432 0.0222632 0.0872932 0.00629785 0.00836146 0.00755455 0.0309975 0.00701498 0.0256353 0.0253686 
fishing_pressure[FishingWest]: 0.00364536 0.009691 0.0279796 0.000575204 0.0127583 0.0123431 0.014086 0.00867666 0.00448568 0.00439237 0.00735153 0.00401745 0.00560547 0.00651079 0.00988303 0.013295 0.0125155 0.0269276 0.0445079 0.0628861 0.0737339 0.0825756 0.0719586 0.0543343 0.110488 0.0819477 0.0752386 0.0436149 0.0364375 0.0886731 0.131375 0.017103 0.0391081 0.0479017 0.0625319 0.0125235 0.0279648 0.0285324 
catch[FishingWest]: 80 152 74 28 103 481 914 393 154 224 232 282 387 385 386 309 409 718 656 368 597 1353 1475 1424 1169 1155 1208 454 497 687 2585 184 270 259 1069 231 822 800 
actual_catch[FishingWest]: 80 152 74 28 103 481 914 393 154 224 232 282 387 385 386 309 409 718 656 368 597 1353 1475 1424 1169 1155 1208 454 497 687 2585 184 270 259 1069 231 822 800 
*end

*selectivity[MaturationSel]
h: 13 
intervals: 5 
l: 2 
label: MaturationSel 
length_based: 0 
type: all_values_bounded 
v: 0.02 0.05 0.13 0.29 0.5 0.7 0.84 0.93 0.97 0.99 0.99 1 
Values {vector}
1 0
2 0.02
3 0.05
4 0.13
5 0.29
6 0.5
7 0.7
8 0.84
9 0.93
10 0.97
11 0.99
12 0.99
13 1
14 1
15 1
16 1
17 1
18 1
19 1
20 1
21 1
22 1
23 1
24 1
25 1
26 1
27 1
28 1
29 1
30 1
*end

*selectivity[westFSel]
alpha: 1 
intervals: 5 
label: westFSel 
length_based: 0 
mu: 6.22817 
sigma_l: 2.84934 
sigma_r: 7.74639 
type: double_normal 
Values {vector}
1 0.0969417
2 0.217338
3 0.410775
4 0.654509
5 0.879166
6 0.995565
7 0.993142
8 0.964386
9 0.915076
10 0.848457
11 0.768723
12 0.680575
13 0.588775
14 0.497725
15 0.411146
16 0.331871
17 0.261764
18 0.201751
19 0.151946
20 0.111823
21 0.0804152
22 0.0565083
23 0.0388019
24 0.0260352
25 0.01707
26 0.0109364
27 0.00684673
28 0.00418849
29 0.0025038
30 0.00146254
*end

*selectivity[eastFSel]
alpha: 1 
intervals: 5 
label: eastFSel 
length_based: 0 
mu: 10.248 
sigma_l: 3.20004 
sigma_r: 7.09537 
type: double_normal 
Values {vector}
1 0.00306063
2 0.0100032
3 0.0285543
4 0.0711888
5 0.155009
6 0.294789
7 0.489634
8 0.710294
9 0.899936
10 0.995844
11 0.992245
12 0.958621
13 0.900982
14 0.823809
15 0.732787
16 0.634118
17 0.533831
18 0.437199
19 0.348333
20 0.269993
21 0.203587
22 0.149345
23 0.106579
24 0.0739932
25 0.0499752
26 0.0328366
27 0.0209896
28 0.0130524
29 0.00789618
30 0.00464714
*end

*selectivity[chatTANSel]
alpha: 1 
intervals: 5 
label: chatTANSel 
length_based: 0 
mu: 11.4398 
sigma_l: 7.05694 
sigma_r: 7.05343 
type: double_normal 
Values {vector}
1 0.219376
2 0.289305
3 0.371051
4 0.46283
5 0.561461
6 0.662413
7 0.76006
8 0.84816
9 0.920488
10 0.971559
11 0.997312
12 0.995637
13 0.966654
14 0.912724
15 0.83812
16 0.748465
17 0.650033
18 0.549032
19 0.450982
20 0.360262
21 0.279883
22 0.211462
23 0.155377
24 0.11103
25 0.0771602
26 0.0521488
27 0.0342762
28 0.0219099
29 0.0136203
30 0.00823439
*end

*selectivity[One]
c: 1 
intervals: 5 
label: One 
length_based: 0 
type: constant 
Values {vector}
1 1
2 1
3 1
4 1
5 1
6 1
7 1
8 1
9 1
10 1
11 1
12 1
13 1
14 1
15 1
16 1
17 1
18 1
19 1
20 1
21 1
22 1
23 1
24 1
25 1
26 1
27 1
28 1
29 1
30 1
*end

*info[messages_encountered]
Values {string}
Estimable parameters were loaded from the free parameter file: 
Creating default report for catchability chatTANq
Creating default report for derived quantity biomass_t1
Creating default report for observation chatTANbiomass
Creating default report for observation chatTANage
Creating default report for observation chatOBSwst
Creating default report for observation chatOBSest
Creating default report for process Recruitment
Creating default report for process Ageing
Creating default report for process instant_mort
Creating default report for selectivity MaturationSel
Creating default report for selectivity westFSel
Creating default report for selectivity eastFSel
Creating default report for selectivity chatTANSel
Creating default report for selectivity One
Initiating point estimate run mode
Estimation with the betadiff minimiser
*end

*warnings[messages_encountered]
Values {string}
obs sum total (0.9999) for year (1990) doesn't sum to 1.0
obs sum total (1.0001) for year (1993) doesn't sum to 1.0
obs sum total (1.0002) for year (1994) doesn't sum to 1.0
obs sum total (1.0002) for year (1995) doesn't sum to 1.0
obs sum total (0.9999) for year (1997) doesn't sum to 1.0
obs sum total (1.0002) for year (1999) doesn't sum to 1.0
obs sum total (0.9999) for year (2000) doesn't sum to 1.0
obs sum total (1.0001) for year (2001) doesn't sum to 1.0
obs sum total (0.9998) for year (2002) doesn't sum to 1.0
obs sum total (1.0002) for year (2003) doesn't sum to 1.0
obs sum total (0.9999) for year (2005) doesn't sum to 1.0
obs sum total (1.0001) for year (2006) doesn't sum to 1.0
obs sum total (0.9999) for year (2007) doesn't sum to 1.0
obs sum total (0.9999) for year (2008) doesn't sum to 1.0
obs sum total (0.9999) for year (2009) doesn't sum to 1.0
obs sum total (1.0003) for year (2011) doesn't sum to 1.0
obs sum total (0.9998) for year (1992) doesn't sum to 1.0
obs sum total (0.9999) for year (1995) doesn't sum to 1.0
obs sum total (0.9998) for year (1996) doesn't sum to 1.0
obs sum total (0.9999) for year (1997) doesn't sum to 1.0
obs sum total (0.9999) for year (1998) doesn't sum to 1.0
obs sum total (1.0002) for year (1999) doesn't sum to 1.0
obs sum total (0.9999) for year (2000) doesn't sum to 1.0
obs sum total (1.0001) for year (2002) doesn't sum to 1.0
obs sum total (0.9999) for year (2003) doesn't sum to 1.0
obs sum total (1.0001) for year (2004) doesn't sum to 1.0
obs sum total (0.9999) for year (2005) doesn't sum to 1.0
obs sum total (1.0001) for year (2011) doesn't sum to 1.0
obs sum total (1.0001) for year (1992) doesn't sum to 1.0
obs sum total (1.0002) for year (1998) doesn't sum to 1.0
obs sum total (1.0001) for year (2004) doesn't sum to 1.0
obs sum total (0.9999) for year (2007) doesn't sum to 1.0
estimated parameter 'process[Recruitment].ycs_values{2010}' was within 0.001 of upper bound 3
estimated parameter 'process[Recruitment].ycs_values{2011}' was within 0.001 of upper bound 3
*end

